2
(5,8) (5,9) (5,10)
6
(4,8) (5,8) (6,8) (5,9) (4,10) (5,10) (6,10)
38
(15,24) (16,23) (16,22) (17,23) (17,24) (16,25) (16,26) (17,25) (18,26) (18,25) (19,24) (18,23) (18,22) (19,21) (19,20) (18,19) (19,18) (19,17) (20,18) (21,17) (21,18) (22,19) (21,20) (20,19) (20,20) (21,21) (21,22) (21,23) (20,24) (21,25) (21,26) (22,25) (22,24) (22,23) (23,22) (23,23) (24,24) (23,25) (23,26)
50
(15,22) (16,22) (17,21) (18,22) (17,23) (16,23) (15,24) (16,25) (15,26) (16,26) (17,27) (18,26) (17,25) (17,24) (18,23) (19,24) (18,25) (19,26) (20,26) (21,25) (20,24) (21,23) (22,24) (22,25) (21,26) (22,27) (23,26) (24,26) (23,25) (24,24) (23,23) (24,22) (23,22) (22,23) (21,22) (21,21) (20,20) (19,21) (19,20) (18,19) (19,18) (18,17) (19,17) (20,16) (21,17) (20,18) (20,19) (21,20) (22,19) (21,18) (22,17)
7
(18,21) (18,22) (19,22) (19,21) (18,20) (18,19) (18,18) (19,17)
3
(4,8) (5,7) (5,8) (6,8)
33
(15,24) (16,23) (17,23) (18,23) (17,22) (18,21) (19,22) (20,22) (20,21) (20,20) (19,20) (18,19) (19,18) (20,17) (20,18) (21,18) (22,19) (21,20) (22,21) (22,22) (21,23) (22,23) (23,23) (24,24) (23,25) (22,25) (22,26) (21,25) (20,24) (19,24) (18,25) (17,25) (16,25) (17,26)
10
(16,22) (16,23) (17,22) (17,23) (18,23) (18,22) (19,21) (19,20) (20,20) (20,21) (21,20)
2
(4,9) (5,9) (6,9)
6
(4,8) (4,9) (4,10) (5,9) (6,8) (6,9) (6,10)
25
(15,23) (16,23) (16,24) (15,25) (16,25) (17,26) (18,25) (17,24) (18,24) (19,25) (20,25) (21,24) (22,24) (21,25) (22,26) (23,25) (24,25) (23,24) (24,23) (23,23) (22,22) (21,23) (20,23) (19,23) (18,23) (17,22)
7
(18,23) (18,24) (18,25) (19,24) (20,24) (21,23) (21,24) (21,25)
3
(10,6) (11,5) (11,6) (11,7)
6
(4,8) (5,8) (6,8) (5,9) (4,10) (5,10) (6,10)
6
(10,5) (10,6) (10,7) (11,6) (11,5) (12,6) (11,7)
