2
(8,9) (8,10) (8,11)
6
(7,9) (8,9) (9,9) (8,10) (7,11) (8,11) (9,11)
12
(6,10) (7,9) (7,8) (8,9) (8,10) (7,11) (7,12) (8,11) (9,12) (9,11) (10,10) (9,9) (9,8)
18
(6,8) (7,8) (8,7) (9,8) (10,8) (9,9) (10,10) (9,11) (8,11) (8,10) (8,9) (7,9) (6,10) (7,11) (6,12) (7,12) (8,13) (9,12) (10,12)
26
(5,9) (6,8) (6,7) (7,8) (7,9) (8,9) (9,9) (8,10) (9,11) (8,11) (7,11) (6,10) (5,11) (6,12) (6,13) (7,12) (8,13) (9,12) (10,13) (10,12) (11,11) (10,10) (11,9) (10,8) (10,7) (9,8) (8,7)
36
(4,10) (5,9) (6,8) (5,7) (6,7) (7,6) (8,7) (7,8) (7,9) (6,10) (5,11) (6,12) (5,13) (6,13) (7,14) (8,13) (9,14) (10,13) (11,13) (10,12) (9,11) (9,12) (8,11) (7,12) (7,11) (8,10) (8,9) (9,8) (9,9) (10,10) (11,11) (12,10) (11,9) (10,8) (11,7) (10,7) (9,6)
50
(4,8) (4,9) (4,10) (4,11) (4,12) (5,11) (6,10) (5,9) (6,8) (5,7) (5,6) (6,7) (7,6) (8,5) (9,6) (8,7) (7,8) (7,9) (8,9) (8,10) (7,11) (6,12) (5,13) (5,14) (6,13) (7,12) (8,11) (9,11) (9,12) (8,13) (7,14) (8,15) (9,14) (10,13) (10,12) (11,11) (10,10) (9,9) (9,8) (10,7) (11,6) (11,7) (10,8) (11,9) (12,8) (12,9) (12,10) (12,11) (12,12) (11,13) (11,14)
6
(5,7) (6,6) (7,6) (8,6) (9,6) (10,6) (11,7)
6
(6,13) (5,12) (5,11) (5,10) (5,9) (5,8) (6,7)
35
(4,8) (5,7) (5,8) (5,9) (5,10) (5,11) (4,12) (5,12) (5,13) (6,13) (7,12) (7,13) (7,14) (8,13) (9,12) (9,13) (9,14) (10,13) (11,12) (11,13) (12,12) (11,11) (11,10) (11,9) (11,8) (12,8) (11,7) (10,7) (9,6) (9,7) (9,8) (8,7) (7,6) (6,7) (7,7) (7,8)
12
(4,9) (4,10) (4,11) (5,10) (5,9) (5,8) (6,8) (6,9) (6,10) (5,11) (5,12) (6,11) (6,12)
4
(6,8) (7,7) (8,7) (9,7) (10,8)
31
(5,9) (6,8) (6,7) (7,6) (7,7) (8,7) (9,6) (9,7) (10,7) (10,8) (9,9) (10,9) (11,9) (10,10) (9,11) (10,11) (11,11) (10,12) (9,13) (10,13) (9,14) (8,13) (7,13) (7,14) (6,13) (6,12) (5,11) (6,11) (7,11) (6,10) (6,9) (7,9)
41
(4,10) (5,9) (6,8) (5,7) (6,7) (7,7) (7,6) (8,5) (9,6) (8,7) (9,7) (10,7) (11,7) (10,8) (9,9) (8,9) (7,9) (6,9) (6,10) (5,11) (6,11) (6,12) (5,13) (6,13) (7,13) (7,14) (8,15) (9,14) (8,13) (9,13) (10,13) (11,13) (10,12) (10,11) (11,11) (12,10) (11,9) (10,9) (10,10) (9,11) (8,11) (7,11)
2
(6,6) (6,7) (7,6)
6
(7,7) (7,8) (8,7) (8,6) (9,7) (8,8) (9,8)
12
(6,7) (6,8) (7,7) (7,8) (7,9) (8,8) (8,7) (8,6) (9,7) (9,8) (9,9) (10,8) (10,7)
2
(7,6) (8,6) (9,6)
4
(7,12) (6,11) (6,10) (6,9) (7,8)
23
(5,9) (6,8) (6,9) (6,10) (5,11) (6,11) (6,12) (7,12) (8,11) (8,12) (8,13) (9,12) (10,11) (10,12) (11,11) (10,10) (10,9) (11,9) (10,8) (9,8) (8,7) (7,8) (8,8) (8,9)
30
(4,10) (5,9) (6,8) (6,7) (7,8) (6,9) (6,10) (5,11) (6,11) (6,12) (6,13) (7,12) (8,11) (8,10) (8,9) (8,8) (8,7) (9,8) (10,7) (10,8) (10,9) (10,10) (11,9) (12,10) (11,11) (10,11) (10,12) (10,13) (9,12) (8,12) (8,13)
42
(4,9) (4,10) (4,11) (5,11) (6,10) (5,9) (6,8) (5,7) (6,7) (7,6) (8,7) (9,6) (10,7) (11,7) (10,8) (9,8) (10,9) (10,10) (11,9) (12,9) (12,10) (12,11) (11,11) (10,11) (9,12) (10,12) (11,13) (10,13) (9,14) (8,13) (7,14) (6,13) (5,13) (6,12) (6,11) (7,12) (8,12) (8,11) (8,10) (8,9) (8,8) (7,8) (6,9)
0
(4,10)
2
(5,8) (5,9) (6,8)
50
(4,8) (4,9) (4,10) (4,11) (4,12) (5,11) (5,10) (5,9) (5,8) (5,7) (6,7) (6,8) (7,7) (8,7) (8,8) (7,9) (6,10) (7,10) (7,11) (6,12) (5,12) (5,13) (6,13) (7,13) (8,12) (8,11) (8,10) (8,9) (9,9) (9,10) (9,11) (10,10) (11,9) (10,8) (9,7) (10,7) (11,7) (11,8) (12,8) (12,9) (11,10) (11,11) (12,10) (12,11) (11,12) (12,12) (11,13) (10,12) (10,13) (9,13) (8,13)
4
(5,8) (5,9) (6,8) (6,9) (7,8)
6
(5,10) (6,9) (6,10) (6,11) (7,11) (7,10) (7,9)
23
(5,10) (6,9) (6,8) (7,8) (7,9) (6,10) (6,11) (7,10) (7,11) (6,12) (7,12) (8,12) (9,11) (9,10) (9,9) (8,8) (9,8) (10,8) (10,9) (10,10) (11,10) (10,11) (9,12) (10,12)
31
(5,8) (6,7) (6,8) (6,9) (5,10) (6,10) (6,11) (5,12) (6,12) (6,13) (7,12) (7,11) (7,10) (7,9) (7,8) (8,8) (9,8) (9,9) (9,10) (9,11) (8,12) (9,12) (10,12) (10,13) (11,12) (10,11) (10,10) (11,10) (10,9) (10,8) (10,7) (11,8)
4
(6,8) (7,7) (8,7) (9,7) (10,8)
2
(5,9) (5,10) (5,11)
23
(4,9) (5,9) (5,10) (4,11) (5,11) (6,12) (7,11) (7,10) (8,9) (9,10) (8,11) (8,12) (9,11) (10,12) (11,11) (12,11) (11,10) (12,9) (11,9) (10,8) (9,9) (8,8) (7,9) (6,8)
-1
3
(7,9) (8,8) (8,9) (9,9)
9
(6,10) (7,9) (8,8) (8,9) (9,9) (10,10) (9,11) (8,11) (7,11) (8,12)
13
(6,9) (6,10) (6,11) (7,11) (8,11) (8,12) (9,11) (10,11) (10,10) (10,9) (9,9) (8,8) (7,9) (8,9)
21
(5,9) (6,8) (6,9) (6,10) (5,11) (6,11) (6,12) (7,11) (8,11) (8,12) (9,11) (10,11) (10,12) (11,11) (10,10) (10,9) (11,9) (10,8) (9,9) (8,8) (7,9) (8,9)
27
(4,10) (5,9) (6,8) (6,9) (6,10) (7,9) (8,9) (9,9) (10,9) (10,10) (9,11) (8,11) (7,11) (6,11) (5,11) (6,12) (7,13) (8,12) (9,13) (10,12) (10,11) (11,11) (12,10) (11,9) (10,8) (9,7) (8,8) (7,7)
2
(5,8) (5,9) (6,8)
2
(6,9) (5,10) (6,11)
4
(5,9) (6,9) (5,10) (5,11) (6,11)
-1
13
(6,10) (7,9) (7,8) (8,8) (8,9) (9,8) (9,9) (10,10) (9,11) (8,11) (7,11) (7,12) (8,12) (9,12)
21
(6,8) (7,7) (7,8) (7,9) (6,10) (7,11) (6,12) (7,12) (7,13) (8,12) (8,11) (9,12) (9,13) (10,12) (9,11) (10,10) (9,9) (8,8) (8,9) (9,8) (9,7) (10,8)
27
(5,9) (6,8) (7,7) (7,8) (7,9) (6,10) (5,11) (6,12) (7,11) (7,12) (7,13) (8,14) (9,13) (8,12) (8,11) (9,11) (9,12) (10,12) (11,11) (10,10) (11,9) (10,8) (9,8) (8,9) (9,9) (8,8) (9,7) (8,6)
2
(6,7) (6,8) (7,7)
11
(6,9) (6,10) (6,11) (7,12) (8,13) (9,12) (10,11) (10,10) (10,9) (9,8) (8,7) (7,8)
25
(5,9) (6,8) (6,9) (6,10) (5,11) (6,11) (6,12) (7,13) (7,12) (8,11) (9,12) (8,13) (9,13) (10,12) (10,11) (11,11) (10,10) (10,9) (9,8) (8,9) (7,8) (7,7) (8,7) (9,7) (10,8) (11,9)
21
(5,10) (6,9) (6,10) (6,11) (7,10) (7,9) (7,8) (8,7) (8,8) (9,8) (9,9) (9,10) (9,11) (8,12) (7,11) (7,12) (8,13) (9,12) (10,11) (10,10) (10,9) (11,10)
5
(7,8) (7,9) (8,8) (8,9) (9,8) (9,9)
25
(6,8) (6,9) (6,10) (6,11) (6,12) (7,11) (7,12) (7,13) (8,12) (8,11) (9,11) (9,12) (9,13) (10,12) (10,11) (10,10) (9,9) (8,8) (7,7) (7,8) (7,9) (8,9) (9,8) (9,7) (10,8) (10,9)
31
(5,8) (6,8) (6,9) (6,10) (6,11) (5,12) (6,12) (7,11) (7,12) (7,13) (8,14) (9,13) (8,12) (8,11) (9,11) (9,12) (10,12) (11,12) (10,11) (10,10) (9,9) (8,8) (7,7) (7,8) (7,9) (8,9) (9,8) (10,9) (11,8) (10,8) (9,7) (8,6)
39
(5,7) (5,8) (6,8) (6,9) (6,10) (6,11) (5,12) (5,13) (6,12) (7,11) (7,12) (7,13) (7,14) (8,14) (9,14) (9,13) (8,12) (8,11) (9,11) (9,12) (10,12) (11,13) (11,12) (10,11) (10,10) (9,9) (8,8) (7,7) (7,6) (8,6) (9,6) (9,7) (10,8) (11,7) (11,8) (10,9) (9,8) (8,9) (7,8) (7,9)
0
(5,8)
2
(5,9) (5,10) (5,11)
43
(4,9) (5,8) (5,9) (5,10) (4,11) (5,11) (5,12) (6,11) (7,12) (6,13) (6,14) (7,13) (7,14) (8,13) (8,12) (9,12) (9,13) (8,14) (9,14) (10,14) (10,13) (11,12) (10,11) (11,11) (12,11) (11,10) (10,9) (11,9) (12,9) (11,8) (10,7) (9,6) (10,6) (9,7) (8,6) (7,6) (6,6) (6,7) (7,7) (8,7) (9,8) (8,8) (7,8) (6,9)
2
(4,10) (5,10) (6,10)
4
(7,9) (7,8) (8,7) (9,8) (9,9)
25
(6,8) (6,9) (6,10) (6,11) (6,12) (7,11) (7,10) (7,9) (7,8) (7,7) (8,7) (9,7) (9,8) (9,9) (10,8) (10,9) (9,10) (9,11) (10,10) (10,11) (9,12) (10,12) (9,13) (8,13) (7,12) (7,13)
33
(5,8) (6,8) (6,9) (6,10) (6,11) (5,12) (6,12) (7,11) (7,10) (7,9) (7,8) (7,7) (7,6) (8,7) (9,6) (9,7) (9,8) (9,9) (10,8) (11,8) (10,9) (9,10) (9,11) (10,10) (10,11) (11,12) (10,12) (9,12) (9,13) (9,14) (8,13) (7,12) (7,13) (7,14)
4
(6,7) (7,7) (8,6) (9,7) (10,7)
2
(7,8) (8,7) (9,8)
5
(7,7) (7,8) (8,7) (9,7) (9,8) (8,9)
1
(8,7) (8,8)
2
(7,10) (8,10) (9,10)
6
(7,9) (7,10) (7,11) (8,10) (9,9) (9,10) (9,11)
12
(6,9) (7,9) (8,8) (9,9) (8,10) (7,10) (6,11) (7,11) (8,12) (9,11) (10,11) (9,10) (10,9)
18
(5,10) (6,9) (6,8) (7,9) (8,8) (9,9) (9,10) (8,10) (7,10) (6,11) (6,12) (7,11) (8,12) (9,11) (10,12) (10,11) (11,10) (10,9) (10,8)
26
(5,8) (6,8) (7,7) (8,8) (9,7) (10,8) (9,9) (9,10) (9,11) (8,10) (7,11) (7,10) (7,9) (6,9) (5,10) (6,11) (5,12) (6,12) (7,13) (8,12) (9,13) (10,12) (11,12) (10,11) (11,10) (10,9) (11,8)
36
(4,9) (5,8) (5,7) (6,8) (6,9) (5,10) (4,11) (5,12) (5,13) (6,12) (6,11) (7,10) (7,9) (8,8) (7,7) (8,6) (9,7) (10,8) (9,9) (10,9) (9,10) (10,11) (9,11) (8,10) (7,11) (8,12) (7,13) (8,14) (9,13) (10,12) (11,13) (11,12) (12,11) (11,10) (12,9) (11,8) (11,7)
6
(5,8) (6,7) (7,7) (8,7) (9,7) (10,7) (11,8)
4
(6,12) (5,11) (5,10) (5,9) (6,8)
31
(4,9) (5,8) (5,9) (5,10) (4,11) (5,11) (5,12) (6,12) (7,11) (7,12) (7,13) (8,12) (9,11) (9,12) (9,13) (10,12) (11,11) (11,12) (12,11) (11,10) (11,9) (12,9) (11,8) (10,8) (9,7) (9,8) (9,9) (8,8) (7,7) (6,8) (7,8) (7,9)
6
(4,10) (5,9) (5,10) (5,11) (6,11) (6,10) (6,9)
4
(6,9) (7,8) (8,8) (9,8) (10,9)
23
(5,10) (6,9) (6,8) (7,7) (7,8) (8,8) (9,7) (9,8) (10,8) (10,9) (9,10) (10,10) (11,10) (10,11) (9,12) (10,12) (9,13) (8,12) (7,12) (7,13) (6,12) (6,11) (6,10) (7,10)
30
(5,8) (6,8) (6,9) (7,8) (7,7) (8,6) (9,7) (8,8) (9,8) (10,8) (11,8) (10,9) (9,10) (8,10) (7,10) (6,10) (5,10) (6,11) (5,12) (6,12) (7,12) (7,13) (8,14) (9,13) (8,12) (9,12) (10,12) (11,12) (10,11) (10,10) (11,10)
2
(6,7) (6,8) (7,7)
6
(7,8) (7,9) (8,8) (8,7) (9,8) (8,9) (9,9)
23
(6,8) (6,9) (6,10) (6,11) (6,12) (7,11) (7,12) (8,11) (8,12) (8,13) (9,12) (9,11) (10,12) (10,11) (10,10) (9,9) (8,8) (7,9) (8,9) (7,8) (8,7) (9,8) (10,8) (10,9)
2
(7,7) (8,7) (9,7)
3
(6,10) (7,9) (7,10) (7,11)
9
(6,10) (7,9) (7,10) (7,11) (8,12) (9,11) (9,10) (10,10) (9,9) (8,8)
13
(6,10) (7,9) (7,8) (8,8) (9,8) (9,9) (9,10) (10,10) (9,11) (9,12) (8,12) (7,12) (7,11) (7,10)
21
(6,8) (7,7) (7,8) (7,9) (6,10) (7,10) (7,11) (6,12) (7,12) (7,13) (8,12) (9,12) (9,13) (10,12) (9,11) (9,10) (10,10) (9,9) (8,8) (9,7) (9,8) (10,8)
2
(7,8) (8,7) (9,8)
13
(6,9) (6,10) (6,11) (7,10) (7,9) (8,8) (9,9) (9,10) (10,9) (10,10) (10,11) (9,11) (8,12) (7,11)
21
(5,9) (6,8) (6,9) (6,10) (5,11) (6,11) (6,12) (7,11) (7,10) (7,9) (8,8) (9,9) (9,10) (10,9) (10,8) (11,9) (10,10) (10,11) (11,11) (10,12) (9,11) (8,12)
11
(5,10) (6,9) (7,8) (8,8) (9,8) (10,9) (11,10) (10,11) (9,12) (8,12) (7,12) (6,11)
5
(6,9) (6,10) (6,11) (7,11) (7,10) (7,9)
25
(5,9) (6,8) (6,9) (6,10) (5,11) (6,11) (6,12) (7,11) (7,10) (7,9) (7,8) (8,8) (9,8) (9,9) (9,10) (10,9) (10,8) (11,9) (10,10) (9,11) (10,11) (11,11) (10,12) (9,12) (8,12) (7,12)
31
(4,10) (5,9) (6,8) (6,7) (7,8) (6,9) (6,10) (5,11) (6,11) (6,12) (6,13) (7,12) (7,11) (7,10) (7,9) (8,8) (9,8) (9,9) (9,10) (9,11) (8,12) (9,12) (10,13) (10,12) (10,11) (10,10) (11,11) (12,10) (11,9) (10,9) (10,8) (10,7)
2
(7,7) (8,7) (9,7)
4
(7,9) (6,9) (5,10) (6,11) (7,11)
25
(5,9) (5,10) (5,11) (6,11) (6,12) (7,11) (7,12) (8,11) (8,12) (9,11) (9,12) (10,11) (10,12) (11,11) (11,10) (10,9) (9,8) (8,8) (7,8) (6,8) (6,9) (7,9) (8,9) (9,9) (10,8) (11,9)
2
(6,9) (5,10) (6,11)
2
(8,9) (8,10) (8,11)
6
(7,9) (8,9) (9,9) (8,10) (7,11) (8,11) (9,11)
12
(6,10) (7,9) (7,8) (8,9) (8,10) (7,11) (7,12) (8,11) (9,12) (9,11) (10,10) (9,9) (9,8)
18
(6,8) (7,8) (8,7) (9,8) (10,8) (9,9) (10,10) (9,11) (8,11) (8,10) (8,9) (7,9) (6,10) (7,11) (6,12) (7,12) (8,13) (9,12) (10,12)
26
(5,9) (6,8) (6,7) (7,8) (7,9) (8,9) (9,9) (8,10) (9,11) (8,11) (7,11) (6,10) (5,11) (6,12) (6,13) (7,12) (8,13) (9,12) (10,13) (10,12) (11,11) (10,10) (11,9) (10,8) (10,7) (9,8) (8,7)
4
(6,8) (7,7) (8,7) (9,7) (10,8)
4
(7,12) (6,11) (6,10) (6,9) (7,8)
23
(5,9) (6,8) (6,9) (6,10) (5,11) (6,11) (6,12) (7,12) (8,11) (8,12) (8,13) (9,12) (10,11) (10,12) (11,11) (10,10) (10,9) (11,9) (10,8) (9,8) (8,7) (7,8) (8,8) (8,9)
6
(5,10) (6,9) (6,10) (6,11) (7,11) (7,10) (7,9)
3
(7,9) (8,8) (8,9) (9,9)
9
(6,10) (7,9) (8,8) (8,9) (9,9) (10,10) (9,11) (8,11) (7,11) (8,12)
13
(6,9) (6,10) (6,11) (7,11) (8,11) (8,12) (9,11) (10,11) (10,10) (10,9) (9,9) (8,8) (7,9) (8,9)
13
(6,10) (7,9) (7,8) (8,8) (8,9) (9,8) (9,9) (10,10) (9,11) (8,11) (7,11) (7,12) (8,12) (9,12)
5
(7,8) (7,9) (8,8) (8,9) (9,8) (9,9)
25
(6,8) (6,9) (6,10) (6,11) (6,12) (7,11) (7,12) (7,13) (8,12) (8,11) (9,11) (9,12) (9,13) (10,12) (10,11) (10,10) (9,9) (8,8) (7,7) (7,8) (7,9) (8,9) (9,8) (9,7) (10,8) (10,9)
4
(7,9) (7,8) (8,7) (9,8) (9,9)
2
(7,10) (8,10) (9,10)
6
(7,9) (7,10) (7,11) (8,10) (9,9) (9,10) (9,11)
12
(6,9) (7,9) (8,8) (9,9) (8,10) (7,10) (6,11) (7,11) (8,12) (9,11) (10,11) (9,10) (10,9)
18
(5,10) (6,9) (6,8) (7,9) (8,8) (9,9) (9,10) (8,10) (7,10) (6,11) (6,12) (7,11) (8,12) (9,11) (10,12) (10,11) (11,10) (10,9) (10,8)
4
(6,9) (7,8) (8,8) (9,8) (10,9)
3
(6,10) (7,9) (7,10) (7,11)
9
(6,10) (7,9) (7,10) (7,11) (8,12) (9,11) (9,10) (10,10) (9,9) (8,8)
5
(6,9) (6,10) (6,11) (7,11) (7,10) (7,9)
2
(8,9) (8,10) (8,11)
6
(7,9) (8,9) (9,9) (8,10) (7,11) (8,11) (9,11)
12
(6,10) (7,9) (7,8) (8,9) (8,10) (7,11) (7,12) (8,11) (9,12) (9,11) (10,10) (9,9) (9,8)
3
(7,9) (8,8) (8,9) (9,9)
2
(7,10) (8,10) (9,10)
6
(7,9) (7,10) (7,11) (8,10) (9,9) (9,10) (9,11)
2
(8,9) (8,10) (8,11)
