4
(3,5) (4,6) (5,6) (5,5) (5,4)
9
(3,5) (3,6) (4,6) (4,7) (5,6) (5,7) (6,6) (5,5) (5,4) (6,4)
16
(2,5) (2,6) (3,5) (3,6) (4,6) (4,7) (4,8) (5,8) (5,7) (5,6) (5,5) (5,4) (5,3) (6,3) (6,4) (7,5) (6,6)
30
(1,5) (1,6) (2,5) (2,4) (3,4) (3,5) (2,6) (2,7) (3,6) (4,6) (4,7) (3,8) (4,8) (4,9) (5,8) (5,9) (6,8) (5,7) (5,6) (5,5) (5,4) (4,3) (5,2) (5,3) (6,2) (6,3) (7,3) (6,4) (7,5) (6,6) (7,6)
41
(0,5) (0,6) (1,5) (1,6) (2,5) (2,4) (2,3) (3,4) (3,5) (2,6) (2,7) (2,8) (3,8) (4,7) (3,6) (4,6) (5,5) (5,4) (4,3) (5,2) (5,1) (6,1) (6,2) (5,3) (6,3) (6,4) (7,3) (8,4) (7,5) (8,5) (8,6) (7,6) (6,6) (5,6) (5,7) (4,8) (4,9) (4,10) (5,10) (5,9) (5,8) (6,8)
59
(0,4) (0,5) (0,6) (0,7) (1,6) (1,5) (2,4) (1,3) (2,3) (3,2) (4,1) (5,0) (5,1) (5,2) (4,3) (3,4) (2,5) (2,6) (2,7) (1,8) (2,8) (2,9) (3,8) (4,8) (4,9) (3,10) (4,10) (4,11) (5,10) (5,11) (6,10) (5,9) (5,8) (6,8) (5,7) (4,6) (3,5) (3,6) (4,7) (5,6) (5,5) (5,4) (5,3) (6,3) (6,4) (7,5) (6,6) (7,6) (8,6) (8,7) (9,6) (8,5) (8,4) (9,4) (8,3) (7,3) (6,2) (6,1) (6,0) (7,1)
2
(8,4) (9,5) (8,6)
4
(6,9) (6,8) (7,7) (7,6) (7,5)
19
(5,8) (5,9) (6,9) (7,9) (6,8) (7,7) (8,7) (7,6) (6,5) (6,4) (6,3) (6,2) (7,2) (7,3) (7,4) (7,5) (8,5) (8,4) (8,3) (8,2)
6
(6,6) (6,7) (6,8) (7,8) (7,7) (7,6) (8,6)
3
(5,3) (6,3) (7,4) (7,5)
12
(1,5) (1,6) (2,5) (2,6) (3,5) (3,6) (3,7) (4,7) (4,8) (4,9) (5,9) (5,8) (5,7)
22
(0,5) (0,6) (1,5) (1,4) (2,5) (1,6) (1,7) (2,6) (3,7) (4,8) (3,9) (4,9) (4,10) (5,9) (5,10) (6,9) (5,8) (6,7) (5,7) (4,7) (3,6) (3,5) (3,4)
1
(7,2) (8,3)
1
(6,3) (7,4)
3
(6,3) (6,4) (7,3) (7,4)
-1
5
(3,7) (3,6) (3,5) (4,4) (5,4) (6,4)
18
(2,5) (3,4) (3,5) (3,6) (2,7) (3,7) (4,7) (5,6) (5,7) (6,6) (6,7) (7,7) (7,6) (7,5) (6,4) (6,3) (5,4) (4,3) (4,4)
25
(1,6) (2,5) (3,4) (3,5) (3,6) (2,7) (2,8) (3,7) (4,7) (5,6) (5,7) (6,6) (6,7) (7,7) (7,8) (8,7) (7,6) (8,5) (7,5) (6,4) (5,4) (4,4) (4,3) (5,2) (6,3) (7,3)
30
(1,5) (1,6) (2,5) (3,4) (3,5) (3,6) (2,7) (1,8) (2,8) (3,7) (4,7) (5,6) (5,7) (6,6) (6,7) (7,6) (7,7) (7,8) (8,7) (9,6) (8,5) (7,5) (6,4) (5,4) (4,4) (4,3) (4,2) (5,2) (6,3) (7,2) (7,3)
4
(5,2) (6,2) (7,3) (8,4) (8,5)
11
(2,7) (3,7) (3,8) (4,8) (5,8) (6,8) (7,7) (8,6) (7,5) (6,4) (6,3) (7,4)
30
(1,4) (1,5) (1,6) (2,5) (2,4) (3,5) (4,4) (3,3) (2,3) (3,2) (4,2) (4,3) (5,2) (6,3) (6,4) (7,4) (8,4) (7,5) (6,6) (7,7) (8,6) (8,7) (7,8) (6,8) (6,9) (5,8) (4,8) (3,7) (2,7) (3,8) (3,9)
24
(2,6) (2,7) (2,8) (3,8) (4,9) (5,8) (5,7) (6,7) (7,6) (6,5) (5,4) (5,3) (6,3) (6,4) (7,3) (7,4) (7,5) (8,5) (8,6) (7,7) (6,8) (5,9) (4,8) (3,7) (3,6)
7
(2,6) (3,6) (4,6) (3,5) (4,4) (5,3) (5,4) (6,5)
12
(2,6) (2,7) (3,6) (3,5) (3,4) (4,4) (5,3) (6,3) (5,4) (6,5) (5,6) (4,6) (4,7)
21
(1,6) (1,7) (2,6) (2,7) (3,6) (3,5) (2,4) (3,3) (3,4) (4,4) (5,4) (5,3) (5,2) (6,2) (6,3) (7,4) (6,5) (6,6) (5,6) (4,6) (4,7) (3,8)
3
(4,7) (5,7) (5,6) (6,5)
4
(2,5) (2,6) (3,6) (3,7) (4,6)
8
(3,3) (4,2) (4,3) (4,4) (5,4) (6,5) (6,4) (5,3) (5,2)
8
(4,6) (4,7) (3,7) (2,7) (2,6) (2,5) (3,4) (4,3) (4,4)
4
(4,4) (5,5) (4,6) (5,6) (6,5)
8
(3,5) (4,4) (5,5) (4,6) (4,7) (5,7) (5,6) (6,5) (6,4)
16
(3,4) (3,5) (4,4) (5,3) (6,4) (5,5) (4,6) (3,7) (4,7) (4,8) (5,7) (5,8) (6,7) (5,6) (6,5) (7,4) (7,5)
25
(2,4) (2,5) (2,6) (3,5) (3,4) (3,3) (4,4) (5,3) (6,4) (5,5) (4,6) (3,7) (4,7) (4,8) (4,9) (5,9) (5,8) (5,7) (6,7) (5,6) (6,5) (7,4) (7,3) (8,4) (7,5) (8,5)
37
(1,4) (2,4) (2,5) (1,6) (2,6) (2,7) (3,7) (4,6) (3,5) (3,4) (4,4) (3,3) (4,2) (5,3) (6,2) (7,3) (6,4) (7,4) (8,4) (8,5) (9,4) (9,5) (8,6) (7,5) (6,5) (5,5) (5,6) (4,7) (4,8) (3,9) (4,9) (4,10) (5,9) (5,10) (6,9) (5,8) (5,7) (6,7)
1
(1,5) (2,6)
9
(3,5) (3,4) (4,3) (5,3) (6,3) (7,4) (7,5) (7,6) (6,7) (6,8)
30
(2,4) (2,5) (2,6) (2,7) (2,8) (3,7) (3,6) (3,5) (3,4) (3,3) (4,2) (4,3) (5,3) (6,2) (6,3) (7,3) (7,4) (8,4) (7,5) (8,6) (7,6) (6,7) (7,8) (6,8) (5,7) (5,8) (4,8) (3,8) (4,7) (4,6) (4,5)
13
(3,4) (4,3) (5,2) (5,3) (5,4) (6,3) (7,4) (6,5) (6,6) (6,7) (7,7) (7,6) (7,5) (8,5)
4
(5,7) (4,7) (3,6) (3,5) (4,4)
16
(2,5) (2,6) (3,5) (3,4) (4,4) (5,3) (6,4) (6,5) (7,4) (7,5) (6,6) (5,7) (4,7) (3,6) (3,7) (4,8) (5,8)
25
(1,5) (1,6) (2,5) (2,6) (3,5) (3,4) (3,3) (4,4) (5,3) (6,4) (6,5) (7,4) (7,3) (8,4) (8,5) (7,5) (6,6) (5,7) (4,7) (3,6) (3,7) (4,8) (4,9) (5,8) (5,9) (6,8)
6
(2,4) (3,4) (4,3) (4,4) (5,3) (6,3) (7,4)
6
(3,5) (3,6) (4,5) (5,4) (5,5) (5,6) (4,7)
13
(2,5) (2,6) (3,5) (3,4) (4,5) (3,6) (3,7) (4,7) (5,6) (5,7) (6,6) (5,5) (5,4) (6,4)
6
(3,5) (3,6) (4,7) (5,6) (5,5) (5,4) (6,5)
4
(4,6) (5,6) (6,6) (6,5) (5,4)
9
(4,6) (4,7) (5,6) (6,5) (5,4) (6,4) (7,5) (6,6) (6,7) (7,6)
16
(3,6) (3,7) (4,6) (4,7) (5,6) (6,5) (5,4) (5,3) (6,3) (6,4) (7,5) (8,5) (8,6) (7,6) (6,6) (6,7) (5,8)
30
(2,6) (2,7) (3,6) (3,5) (4,4) (4,3) (5,2) (5,3) (5,4) (6,3) (6,2) (7,3) (6,4) (6,5) (5,6) (4,6) (3,7) (3,8) (4,7) (5,8) (6,8) (6,7) (6,6) (7,5) (7,6) (8,5) (8,4) (9,5) (8,6) (8,7) (9,6)
3
(3,6) (3,7) (4,8) (5,8)
5
(4,7) (4,6) (4,5) (5,4) (6,4) (7,4)
18
(3,5) (4,4) (4,5) (4,6) (3,7) (4,7) (5,8) (6,7) (6,8) (7,8) (7,7) (6,6) (7,6) (7,5) (7,4) (7,3) (6,4) (5,3) (5,4)
7
(5,7) (4,6) (3,6) (4,5) (5,4) (6,3) (6,4) (6,5)
4
(4,5) (5,6) (5,7) (6,6) (6,5)
8
(4,5) (5,4) (6,5) (5,6) (4,7) (5,7) (6,6) (7,5) (7,6)
16
(3,6) (4,5) (4,4) (5,4) (6,5) (5,6) (4,7) (4,8) (5,8) (5,7) (6,6) (7,5) (7,4) (8,5) (7,6) (7,7) (8,6)
4
(4,5) (5,4) (6,4) (7,5) (7,6)
4
(4,6) (5,7) (6,7) (6,6) (6,5)
9
(4,6) (4,7) (5,7) (5,8) (6,7) (6,8) (7,7) (6,6) (6,5) (7,5)
4
(5,5) (6,6) (5,7) (6,7) (7,6)
