9
(5,18) (5,17) (6,16) (6,15) (7,14) (7,13) (8,12) (8,11) (9,10) (9,9)
42
(4,17) (4,18) (5,17) (5,18) (6,18) (7,17) (7,18) (7,19) (8,19) (9,19) (8,18) (9,17) (10,17) (9,16) (8,15) (8,16) (7,16) (6,16) (5,15) (6,15) (7,14) (6,13) (7,13) (8,14) (9,14) (10,15) (10,14) (9,13) (8,12) (7,11) (8,11) (9,10) (8,9) (9,9) (10,9) (10,10) (10,11) (9,12) (10,12) (11,12) (12,12) (11,13) (12,14)
53
(3,17) (3,18) (4,17) (4,18) (4,19) (5,18) (5,17) (6,16) (5,15) (6,15) (7,14) (6,13) (7,13) (8,12) (7,11) (8,11) (9,10) (8,9) (8,8) (9,9) (10,8) (10,9) (11,9) (10,10) (10,11) (9,12) (9,13) (8,14) (8,15) (7,16) (7,17) (6,18) (7,18) (7,19) (7,20) (8,19) (9,20) (9,19) (8,18) (9,17) (8,16) (9,16) (10,17) (11,16) (10,15) (9,14) (10,14) (11,13) (10,12) (11,12) (12,11) (12,12) (13,13) (12,14)
68
(2,17) (2,18) (3,17) (3,16) (4,17) (3,18) (4,18) (4,19) (5,18) (5,17) (6,16) (5,15) (6,15) (7,14) (6,13) (7,13) (8,12) (7,11) (8,11) (9,10) (8,9) (7,8) (7,9) (8,8) (9,7) (10,8) (9,9) (10,9) (10,10) (10,11) (9,12) (9,13) (8,14) (8,15) (9,14) (10,14) (10,15) (9,16) (8,16) (7,16) (7,17) (6,18) (7,18) (7,19) (6,20) (7,20) (8,21) (9,20) (10,19) (10,20) (9,19) (8,19) (8,18) (9,17) (10,17) (11,17) (11,16) (12,15) (12,14) (13,14) (13,13) (12,12) (11,13) (10,12) (11,12) (12,11) (13,11) (12,10) (11,9)
7
(5,15) (5,14) (6,13) (6,12) (7,11) (7,10) (8,9) (8,8)
13
(5,19) (4,18) (4,17) (4,16) (5,15) (5,14) (6,13) (6,12) (7,11) (7,10) (8,9) (9,8) (10,9) (11,10)
14
(8,19) (8,20) (9,19) (9,20) (10,19) (10,18) (11,17) (11,18) (10,17) (9,17) (9,16) (10,15) (10,14) (11,14) (11,15)
22
(3,17) (4,16) (4,15) (5,14) (5,13) (6,12) (6,11) (7,10) (8,9) (9,8) (10,9) (9,9) (8,10) (7,11) (7,12) (6,13) (6,14) (5,15) (5,16) (4,17) (4,18) (5,17) (5,18)
15
(5,16) (5,17) (6,17) (6,16) (6,15) (6,14) (7,13) (7,12) (8,11) (8,10) (9,10) (9,11) (8,12) (8,13) (7,14) (7,15)
26
(4,16) (4,17) (5,16) (5,17) (5,18) (6,18) (6,17) (6,16) (6,15) (5,14) (6,14) (7,13) (6,12) (7,12) (8,11) (7,10) (8,9) (8,10) (9,9) (9,10) (10,10) (10,11) (9,11) (8,12) (8,13) (7,14) (7,15)
33
(3,16) (3,17) (4,16) (4,17) (5,16) (5,17) (5,18) (5,19) (6,19) (6,18) (6,17) (6,16) (6,15) (5,14) (6,14) (7,13) (6,12) (7,12) (8,11) (7,10) (8,9) (8,8) (9,8) (9,9) (8,10) (9,10) (10,10) (11,10) (10,11) (9,11) (8,12) (8,13) (7,14) (7,15)
7
(4,16) (4,15) (5,14) (5,13) (6,12) (6,11) (7,10) (7,9)
6
(10,12) (10,13) (11,12) (11,13) (12,14) (11,15) (11,16)
30
(5,16) (6,16) (5,17) (5,18) (6,17) (7,18) (7,19) (8,18) (9,19) (9,18) (9,17) (10,17) (10,16) (10,15) (11,16) (12,16) (11,15) (12,14) (11,13) (10,12) (11,11) (12,12) (11,12) (10,13) (9,13) (9,12) (8,11) (8,10) (8,9) (9,9) (9,10)
9
(9,11) (10,11) (10,12) (10,13) (10,14) (11,15) (12,15) (12,14) (12,13) (11,12)
