1 1 15 2 14 2 16 3 15 12 3 12 4 12 5 12 8 13 3 13 4 13 5 13 7 14 2 14 3 14 4 14 5 14 6 14 7 14 8 15 2 15 3 15 4 15 5 15 6 15 7 16 4 16 5
2 1 15 2 14 2 16 3 15 11 4 11 5 11 6 11 7 13 2 13 3 13 4 13 5 13 6 13 9 14 7 15 2 15 7 16 4 16 5
3 1 15 2 14 2 16 3 15 10 5 10 6 11 3 11 4 11 5 11 6 11 7 11 8 12 3 12 4 12 5 12 6 12 7 12 8 12 9 13 4 13 5 13 6 13 8 14 4 14 5 14 6 14 9
4 1 15 2 14 2 16 3 15 10 5 10 6 11 3 11 8 12 8 13 3 13 4 13 5 13 6 13 7 13 10 15 5 15 6 15 7 15 8
5 1 15 2 14 2 16 3 15 12 5 12 6 12 7 12 10 13 5 13 6 13 7 13 9 14 4 14 5 14 6 14 7 14 8 14 9 14 10 15 4 15 5 15 6 15 7 15 8 15 9 16 6 16 7
6 1 15 2 14 2 16 3 15 11 6 11 7 11 8 11 9 13 4 13 5 13 6 13 7 13 8 13 11 14 9 15 4 15 9 16 6 16 7
7 1 15 2 14 2 16 3 15 10 7 10 8 11 5 11 6 11 7 11 8 11 9 11 10 12 5 12 6 12 7 12 8 12 9 12 10 12 11 13 6 13 7 13 8 13 10 14 6 14 7 14 8 14 11
8 1 15 2 14 2 16 3 15 10 7 10 8 11 5 11 10 12 10 13 5 13 6 13 7 13 8 13 9 13 12 15 7 15 8 15 9 15 10
9 1 15 2 14 2 16 3 15 12 7 12 8 12 9 12 12 13 7 13 8 13 9 13 11 14 6 14 7 14 8 14 9 14 10 14 11 14 12 15 6 15 7 15 8 15 9 15 10 15 11 16 8 16 9
10 1 15 2 14 2 16 3 15 11 8 11 9 11 10 11 11 13 6 13 7 13 8 13 9 13 10 13 13 14 11 15 6 15 11 16 8 16 9
11 1 15 2 14 2 16 3 15 10 9 10 10 11 7 11 8 11 9 11 10 11 11 11 12 12 7 12 8 12 9 12 10 12 11 12 12 12 13 13 8 13 9 13 10 13 12 14 8 14 9 14 10 14 13
12 1 15 2 14 2 16 3 15 10 9 10 10 11 7 11 12 12 12 13 7 13 8 13 9 13 10 13 11 13 14 15 9 15 10 15 11 15 12
13 1 15 2 14 2 16 3 15 12 9 12 10 12 11 12 14 13 9 13 10 13 11 13 13 14 8 14 9 14 10 14 11 14 12 14 13 14 14 15 8 15 9 15 10 15 11 15 12 15 13 16 10 16 11
14 1 15 2 14 2 16 3 15 11 10 11 11 11 12 11 13 13 8 13 9 13 10 13 11 13 12 13 15 14 13 15 8 15 13 16 10 16 11
15 1 15 2 14 2 16 3 15 10 11 10 12 11 9 11 10 11 11 11 12 11 13 11 14 12 9 12 10 12 11 12 12 12 13 12 14 12 15 13 10 13 11 13 12 13 14 14 10 14 11 14 12 14 15
16 1 15 2 14 2 16 3 15 10 11 10 12 11 9 11 14 12 14 13 9 13 10 13 11 13 12 13 13 13 16 15 11 15 12 15 13 15 14
17 1 15 2 14 2 16 3 15 12 11 12 12 12 13 12 16 13 11 13 12 13 13 13 15 14 10 14 11 14 12 14 13 14 14 14 15 14 16 15 10 15 11 15 12 15 13 15 14 15 15 16 12 16 13
18 1 15 2 14 2 16 3 15 11 12 11 13 11 14 11 15 13 10 13 11 13 12 13 13 13 14 13 17 14 15 15 10 15 15 16 12 16 13
19 1 15 2 14 2 16 3 15 10 13 10 14 11 11 11 12 11 13 11 14 11 15 11 16 12 11 12 12 12 13 12 14 12 15 12 16 12 17 13 12 13 13 13 14 13 16 14 12 14 13 14 14 14 17
20 1 15 2 14 2 16 3 15 10 13 10 14 11 11 11 16 12 16 13 11 13 12 13 13 13 14 13 15 13 18 15 13 15 14 15 15 15 16
21 1 15 2 14 2 16 3 15 12 13 12 14 12 15 12 18 13 13 13 14 13 15 13 17 14 12 14 13 14 14 14 15 14 16 14 17 14 18 15 12 15 13 15 14 15 15 15 16 15 17 16 14 16 15
22 1 15 2 14 2 16 3 15 11 14 11 15 11 16 11 17 13 12 13 13 13 14 13 15 13 16 13 19 14 17 15 12 15 17 16 14 16 15
23 1 15 2 14 2 16 3 15 10 15 10 16 11 13 11 14 11 15 11 16 11 17 11 18 12 13 12 14 12 15 12 16 12 17 12 18 12 19 13 14 13 15 13 16 13 18 14 14 14 15 14 16 14 19
24 1 15 2 14 2 16 3 15 10 15 10 16 11 13 11 18 12 18 13 13 13 14 13 15 13 16 13 17 13 20 15 15 15 16 15 17 15 18
25 1 15 2 14 2 16 3 15 12 15 12 16 12 17 12 20 13 15 13 16 13 17 13 19 14 14 14 15 14 16 14 17 14 18 14 19 14 20 15 14 15 15 15 16 15 17 15 18 15 19 16 16 16 17
26 1 15 2 14 2 16 3 15 11 16 11 17 11 18 11 19 13 14 13 15 13 16 13 17 13 18 13 21 14 19 15 14 15 19 16 16 16 17
27 1 15 2 14 2 16 3 15 10 17 10 18 11 15 11 16 11 17 11 18 11 19 11 20 12 15 12 16 12 17 12 18 12 19 12 20 12 21 13 16 13 17 13 18 13 20 14 16 14 17 14 18 14 21
28 1 15 2 14 2 16 3 15 10 17 10 18 11 15 11 20 12 20 13 15 13 16 13 17 13 18 13 19 13 22 15 17 15 18 15 19 15 20
29 1 15 2 14 2 16 3 15 12 17 12 18 12 19 12 22 13 17 13 18 13 19 13 21 14 16 14 17 14 18 14 19 14 20 14 21 14 22 15 16 15 17 15 18 15 19 15 20 15 21 16 18 16 19
30 1 15 2 14 2 16 3 15 11 18 11 19 11 20 11 21 13 16 13 17 13 18 13 19 13 20 13 23 14 21 15 16 15 21 16 18 16 19
31 1 15 2 14 2 16 3 15 10 19 10 20 11 17 11 18 11 19 11 20 11 21 11 22 12 17 12 18 12 19 12 20 12 21 12 22 12 23 13 18 13 19 13 20 13 22 14 18 14 19 14 20 14 23
32 1 15 2 14 2 16 3 15 10 19 10 20 11 17 11 22 12 22 13 17 13 18 13 19 13 20 13 21 13 24 15 19 15 20 15 21 15 22
33 1 15 2 14 2 16 3 15 12 19 12 20 12 21 12 24 13 19 13 20 13 21 13 23 14 18 14 19 14 20 14 21 14 22 14 23 14 24 15 18 15 19 15 20 15 21 15 22 15 23 16 20 16 21
34 1 15 2 14 2 16 3 15 11 20 11 21 11 22 11 23 13 18 13 19 13 20 13 21 13 22 13 25 14 23 15 18 15 23 16 20 16 21
35 1 15 2 14 2 16 3 15 10 21 10 22 11 19 11 20 11 21 11 22 11 23 11 24 12 19 12 20 12 21 12 22 12 23 12 24 12 25 13 20 13 21 13 22 13 24 14 20 14 21 14 22 14 25
36 1 15 2 14 2 16 3 15 10 21 10 22 11 19 11 24 12 24 13 19 13 20 13 21 13 22 13 23 13 26 15 21 15 22 15 23 15 24
37 1 15 2 14 2 16 3 15 12 21 12 22 12 23 12 26 13 21 13 22 13 23 13 25 14 20 14 21 14 22 14 23 14 24 14 25 14 26 15 20 15 21 15 22 15 23 15 24 15 25 16 22 16 23
38 1 15 2 14 2 16 3 15 11 22 11 23 11 24 11 25 13 20 13 21 13 22 13 23 13 24 13 27 14 25 15 20 15 25 16 22 16 23
39 1 15 2 14 2 16 3 15 10 23 10 24 11 21 11 22 11 23 11 24 11 25 11 26 12 21 12 22 12 23 12 24 12 25 12 26 12 27 13 22 13 23 13 24 13 26 14 22 14 23 14 24 14 27
40 1 15 2 14 2 16 3 15 10 23 10 24 11 21 11 26 12 26 13 21 13 22 13 23 13 24 13 25 13 28 15 23 15 24 15 25 15 26
41 1 15 2 14 2 16 3 15 12 23 12 24 12 25 12 28 13 23 13 24 13 25 13 27 14 22 14 23 14 24 14 25 14 26 14 27 14 28 15 22 15 23 15 24 15 25 15 26 15 27 16 24 16 25
42 1 15 2 14 2 16 3 15 11 24 11 25 11 26 11 27 13 22 13 23 13 24 13 25 13 26 13 29 14 27 15 22 15 27 16 24 16 25
43 1 15 2 14 2 16 3 15 10 25 10 26 11 23 11 24 11 25 11 26 11 27 11 28 12 23 12 24 12 25 12 26 12 27 12 28 12 29 13 24 13 25 13 26 13 28 14 24 14 25 14 26 14 29
44 1 15 2 14 2 16 3 15 10 25 10 26 11 23 11 28 12 28 13 23 13 24 13 25 13 26 13 27 13 30 15 25 15 26 15 27 15 28
45 1 15 2 14 2 16 3 15 12 25 12 26 12 27 12 30 13 25 13 26 13 27 13 29 14 24 14 25 14 26 14 27 14 28 14 29 14 30 15 24 15 25 15 26 15 27 15 28 15 29 16 26 16 27
46 1 15 2 14 2 16 3 15 11 26 11 27 11 28 11 29 13 24 13 25 13 26 13 27 13 28 13 31 14 29 15 24 15 29 16 26 16 27
47 1 15 2 14 2 16 3 15 10 27 10 28 11 25 11 26 11 27 11 28 11 29 11 30 12 25 12 26 12 27 12 28 12 29 12 30 12 31 13 26 13 27 13 28 13 30 14 26 14 27 14 28 14 31
48 1 15 2 14 2 16 3 15 10 27 10 28 11 25 11 30 12 30 13 25 13 26 13 27 13 28 13 29 13 32 15 27 15 28 15 29 15 30
49 1 15 2 14 2 16 3 15 12 27 12 28 12 29 12 32 13 27 13 28 13 29 13 31 14 26 14 27 14 28 14 29 14 30 14 31 14 32 15 26 15 27 15 28 15 29 15 30 15 31 16 28 16 29
50 1 15 2 14 2 16 3 15 11 28 11 29 11 30 11 31 13 26 13 27 13 28 13 29 13 30 13 33 14 31 15 26 15 31 16 28 16 29
51 1 15 2 14 2 16 3 15 10 29 10 30 11 27 11 28 11 29 11 30 11 31 11 32 12 27 12 28 12 29 12 30 12 31 12 32 12 33 13 28 13 29 13 30 13 32 14 28 14 29 14 30 14 33
52 1 15 2 14 2 16 3 15 10 29 10 30 11 27 11 32 12 32 13 27 13 28 13 29 13 30 13 31 13 34 15 29 15 30 15 31 15 32
53 1 15 2 14 2 16 3 15 12 29 12 30 12 31 12 34 13 29 13 30 13 31 13 33 14 28 14 29 14 30 14 31 14 32 14 33 14 34 15 28 15 29 15 30 15 31 15 32 15 33 16 30 16 31
54 1 15 2 14 2 16 3 15 11 30 11 31 11 32 11 33 13 28 13 29 13 30 13 31 13 32 13 35 14 33 15 28 15 33 16 30 16 31
55 1 15 2 14 2 16 3 15 10 31 10 32 11 29 11 30 11 31 11 32 11 33 11 34 12 29 12 30 12 31 12 32 12 33 12 34 12 35 13 30 13 31 13 32 13 34 14 30 14 31 14 32 14 35
56 1 15 2 14 2 16 3 15 10 31 10 32 11 29 11 34 12 34 13 29 13 30 13 31 13 32 13 33 13 36 15 31 15 32 15 33 15 34
57 1 15 2 14 2 16 3 15 12 31 12 32 12 33 12 36 13 31 13 32 13 33 13 35 14 30 14 31 14 32 14 33 14 34 14 35 14 36 15 30 15 31 15 32 15 33 15 34 15 35 16 32 16 33
58 1 15 2 14 2 16 3 15 11 32 11 33 11 34 11 35 13 30 13 31 13 32 13 33 13 34 13 37 14 35 15 30 15 35 16 32 16 33
59 1 15 2 14 2 16 3 15 10 33 10 34 11 31 11 32 11 33 11 34 11 35 11 36 12 31 12 32 12 33 12 34 12 35 12 36 12 37 13 32 13 33 13 34 13 36 14 32 14 33 14 34 14 37
60 1 15 2 14 2 16 3 15 10 33 10 34 11 31 11 36 12 36 13 31 13 32 13 33 13 34 13 35 13 38 15 33 15 34 15 35 15 36
61 1 15 2 14 2 16 3 15 12 33 12 34 12 35 12 38 13 33 13 34 13 35 13 37 14 32 14 33 14 34 14 35 14 36 14 37 14 38 15 32 15 33 15 34 15 35 15 36 15 37 16 34 16 35
62 1 15 2 14 2 16 3 15 11 34 11 35 11 36 11 37 13 32 13 33 13 34 13 35 13 36 13 39 14 37 15 32 15 37 16 34 16 35
63 1 15 2 14 2 16 3 15 10 35 10 36 11 33 11 34 11 35 11 36 11 37 11 38 12 33 12 34 12 35 12 36 12 37 12 38 12 39 13 34 13 35 13 36 13 38 14 34 14 35 14 36 14 39
64 1 15 2 14 2 16 3 15 10 35 10 36 11 33 11 38 12 38 13 33 13 34 13 35 13 36 13 37 13 40 15 35 15 36 15 37 15 38
65 1 15 2 14 2 16 3 15 12 35 12 36 12 37 12 40 13 35 13 36 13 37 13 39 14 34 14 35 14 36 14 37 14 38 14 39 14 40 15 34 15 35 15 36 15 37 15 38 15 39 16 36 16 37
66 1 15 2 14 2 16 3 15 11 36 11 37 11 38 11 39 13 34 13 35 13 36 13 37 13 38 13 41 14 39 15 34 15 39 16 36 16 37
67 1 15 2 14 2 16 3 15 10 37 10 38 11 35 11 36 11 37 11 38 11 39 11 40 12 35 12 36 12 37 12 38 12 39 12 40 12 41 13 36 13 37 13 38 13 40 14 36 14 37 14 38 14 41
68 1 15 2 14 2 16 3 15 10 37 10 38 11 35 11 40 12 40 13 35 13 36 13 37 13 38 13 39 13 42 15 37 15 38 15 39 15 40
69 1 15 2 14 2 16 3 15 12 37 12 38 12 39 12 42 13 37 13 38 13 39 13 41 14 36 14 37 14 38 14 39 14 40 14 41 14 42 15 36 15 37 15 38 15 39 15 40 15 41 16 38 16 39
70 1 15 2 14 2 16 3 15 11 38 11 39 11 40 11 41 13 36 13 37 13 38 13 39 13 40 13 43 14 41 15 36 15 41 16 38 16 39
71 1 15 2 14 2 16 3 15 10 39 10 40 11 37 11 38 11 39 11 40 11 41 11 42 12 37 12 38 12 39 12 40 12 41 12 42 12 43 13 38 13 39 13 40 13 42 14 38 14 39 14 40 14 43
72 1 15 2 14 2 16 3 15 10 39 10 40 11 37 11 42 12 42 13 37 13 38 13 39 13 40 13 41 13 44 15 39 15 40 15 41 15 42
73 1 15 2 14 2 16 3 15 12 39 12 40 12 41 12 44 13 39 13 40 13 41 13 43 14 38 14 39 14 40 14 41 14 42 14 43 14 44 15 38 15 39 15 40 15 41 15 42 15 43 16 40 16 41
74 1 15 2 14 2 16 3 15 11 40 11 41 11 42 11 43 13 38 13 39 13 40 13 41 13 42 13 45 14 43 15 38 15 43 16 40 16 41
75 1 15 2 14 2 16 3 15 10 41 10 42 11 39 11 40 11 41 11 42 11 43 11 44 12 39 12 40 12 41 12 42 12 43 12 44 12 45 13 40 13 41 13 42 13 44 14 40 14 41 14 42 14 45
76 1 15 2 14 2 16 3 15 10 41 10 42 11 39 11 44 12 44 13 39 13 40 13 41 13 42 13 43 13 46 15 41 15 42 15 43 15 44
77 1 15 2 14 2 16 3 15 12 41 12 42 12 43 12 46 13 41 13 42 13 43 13 45 14 40 14 41 14 42 14 43 14 44 14 45 14 46 15 40 15 41 15 42 15 43 15 44 15 45 16 42 16 43
78 1 15 2 14 2 16 3 15 11 42 11 43 11 44 11 45 13 40 13 41 13 42 13 43 13 44 13 47 14 45 15 40 15 45 16 42 16 43
79 1 15 2 14 2 16 3 15 10 43 10 44 11 41 11 42 11 43 11 44 11 45 11 46 12 41 12 42 12 43 12 44 12 45 12 46 12 47 13 42 13 43 13 44 13 46 14 42 14 43 14 44 14 47
80 1 15 2 14 2 16 3 15 10 43 10 44 11 41 11 46 12 46 13 41 13 42 13 43 13 44 13 45 13 48 15 43 15 44 15 45 15 46
81 1 15 2 14 2 16 3 15 12 43 12 44 12 45 12 48 13 43 13 44 13 45 13 47 14 42 14 43 14 44 14 45 14 46 14 47 14 48 15 42 15 43 15 44 15 45 15 46 15 47 16 44 16 45
82 1 15 2 14 2 16 3 15 11 44 11 45 11 46 11 47 13 42 13 43 13 44 13 45 13 46 14 47 15 42 15 47 16 44 16 45 13 49
83 1 15 2 14 2 16 3 15 10 45 10 46 11 43 11 44 11 45 11 46 11 47 11 48 12 43 12 44 12 45 12 46 12 47 12 48 13 44 13 45 13 46 13 48 14 44 14 45 14 46 12 49 14 49
84 1 15 2 14 2 16 3 15 10 45 10 46 11 43 11 48 12 48 13 43 13 44 13 45 13 46 13 47 15 45 15 46 15 47 15 48
85 1 15 2 14 2 16 3 15 12 45 12 46 12 47 13 45 13 46 13 47 14 44 14 45 14 46 14 47 14 48 15 44 15 45 15 46 15 47 15 48 16 46 16 47 13 49 15 49
86 1 15 2 14 2 16 3 15 11 46 11 47 11 48 13 44 13 45 13 46 13 47 15 44 15 48 16 46 16 47 12 49 13 49 14 49 15 49
87 1 15 2 14 2 16 3 15 10 47 11 45 11 46 11 47 12 45 12 46 12 47 12 48 13 46 13 47 14 46 14 47 14 48 15 48 12 49 13 49
88 1 15 2 14 2 16 3 15 10 47 11 45 13 45 13 46 13 47 13 48 14 48 15 47 12 49
89 1 15 2 14 2 16 3 15 11 48 12 48 13 47 14 46 14 47 15 46
90 1 15 2 14 2 16 3 15 12 47 12 48 13 46 13 47 13 48 14 46 15 46 15 47
91 1 15 2 14 2 16 3 15 12 47 13 46 14 46
92 1 15 2 14 2 16 3 15 13 46 13 47
93 1 15 2 14 2 16 3 15
94 1 15 2 14 2 16 3 15
95 1 15 2 14 2 16 3 15
96 1 15 2 14 2 16 3 15
97 1 15 2 14 2 16 3 15
98 1 15 2 14 2 16 3 15
99 1 15 2 14 2 16 3 15
100 1 15 2 14 2 16 3 15
