+++++++++++++++++++++++++
++++++++++++++++++++++++

++++++++++++++++++++++++

++++++++++++++++++++++++

+++++X+XX+++++++++++++++

++++X++++++X++++++++++++

+++XX+++X++X++++++++++++

XX+X+++++XX+++++++++++++

XX+X+++++XX+++++++++++++

+++XX+++X++X++++++++++++

++++X++++++X++++++++++++

+++++X+XX+++++++++++++++

++++++++++++++++++++++++

++++++++++++++++++++++++

++++++++++++++++++++++++

++++++++++++++++++++++++

++++++++++++++++++++++++

++++++++++++++++++++++++

++++++++++++++++++++++++

++++++++++++++++++++++++

++++++++++++++++++++++++

++++++++++++++++++++++++

++++++++++++++++++++++++

++++++++++++++++++++++++

++++++++++++++++++++++++d

+++++++++++++++++++++++++
++++++++++++++++++++++++

++++++++++++++++++++++++

++++++XXX+++++++++++++++

++++XXXXX+++++++++++++++

++++X+X++XXXX+++++++++++

XX+XXX++X++XX+++++++++++

XX+X+++++XX+++++++++++++

XX+X+++++XX+++++++++++++

XX+XXX++X++XX+++++++++++

++++X+X++XXXX+++++++++++

++++XXXXX+++++++++++++++

++++++XXX+++++++++++++++

++++++++++++++++++++++++

++++++++++++++++++++++++

++++++++++++++++++++++++

++++++++++++++++++++++++

++++++++++++++++++++++++

++++++++++++++++++++++++

++++++++++++++++++++++++

++++++++++++++++++++++++

++++++++++++++++++++++++

++++++++++++++++++++++++

++++++++++++++++++++++++

++++++++++++++++++++++++d

+++++++++++++++++++++++++
++++++++++++++++++++++++

++++++X+X+++++++++++++++

++++X+XXXX++++++++++++++

+++XXXXXX+++X+++++++++++

XXX+X+X++XXXXX++++++++++

XX+XXXXXX++XXX++++++++++

XX+X+X+++XX+X+++++++++++

XX+X+X+++XX+X+++++++++++

XX+XXXXXX++XXX++++++++++

XXX+X+X++XXXXX++++++++++

+++XXXXXX+++X+++++++++++

++++X+XXXX++++++++++++++

++++++X+X+++++++++++++++

++++++++++++++++++++++++

++++++++++++++++++++++++

++++++++++++++++++++++++

++++++++++++++++++++++++

++++++++++++++++++++++++

++++++++++++++++++++++++

++++++++++++++++++++++++

++++++++++++++++++++++++

++++++++++++++++++++++++

++++++++++++++++++++++++

++++++++++++++++++++++++d

+++++++++++++++++++++++++
+++++++X++++++++++++++++

++++++X+X+++++++++++++++

++++X+XXXX++++++++++++++

X++XXXXXX+++X+++++++++++

XXX+X+X++XXXXXX+++++++++

XX+XXXXXX++XXXX+++++++++

XX+X+X+++XX+X+++++++++++

XX+X+X+++XX+X+++++++++++

XX+XXXXXX++XXXX+++++++++

XXX+X+X++XXXXXX+++++++++

X++XXXXXX+++X+++++++++++

++++X+XXXX++++++++++++++

++++++X+X+++++++++++++++

+++++++X++++++++++++++++

++++++++++++++++++++++++

++++++++++++++++++++++++

++++++++++++++++++++++++

++++++++++++++++++++++++

++++++++++++++++++++++++

++++++++++++++++++++++++

++++++++++++++++++++++++

++++++++++++++++++++++++

++++++++++++++++++++++++

++++++++++++++++++++++++d

+++++++++++++++++++++++++
++++++XXX+++++++++++++++

++++++X+X+++++++++++++++

++++X+XXXX++++++++++++++

X++XXXXXX+++X+X+++++++++

XXX+X+X++XXXXXXX++++++++

XX+XXXXXX++XXXXX++++++++

XX+X+X+++XX+X+X+++++++++

XX+X+X+++XX+X+X+++++++++

XX+XXXXXX++XXXXX++++++++

XXX+X+X++XXXXXXX++++++++

X++XXXXXX+++X+X+++++++++

++++X+XXXX++++++++++++++

++++++X+X+++++++++++++++

++++++XXX+++++++++++++++

++++++++++++++++++++++++

++++++++++++++++++++++++

++++++++++++++++++++++++

++++++++++++++++++++++++

++++++++++++++++++++++++

++++++++++++++++++++++++

++++++++++++++++++++++++

++++++++++++++++++++++++

++++++++++++++++++++++++

++++++++++++++++++++++++d

++++++X+X++++++++++++++++
+++++XXXXX++++++++++++++

++++++X+X+++++++++++++++

++++X+XXXX+++X++++++++++

X++XXXXXX+++X+X+++++++++

XXX+X+X++XXXXXXXX+++++++

XX+XXXXXX++XXXXXX+++++++

XX+X+X+++XX+X+X+++++++++

XX+X+X+++XX+X+X+++++++++

XX+XXXXXX++XXXXXX+++++++

XXX+X+X++XXXXXXXX+++++++

X++XXXXXX+++X+X+++++++++

++++X+XXXX+++X++++++++++

++++++X+X+++++++++++++++

+++++XXXXX++++++++++++++

++++++X+X+++++++++++++++

++++++++++++++++++++++++

++++++++++++++++++++++++

++++++++++++++++++++++++

++++++++++++++++++++++++

++++++++++++++++++++++++

++++++++++++++++++++++++

++++++++++++++++++++++++

++++++++++++++++++++++++

++++++++++++++++++++++++d

+++++++X+++++++++++++++++
++++++X+X+++++++++++++++

++++++++++++++++++++++++

+++XX++++X++++++++++++++

X+X+++++++++X+XX++++++++

+++++++++XX+++++++++++++

+++++++XX+++++++++++++++

+++X+++X++++++++++++++++

+++X+++X++++++++++++++++

+++++++XX+++++++++++++++

+++++++++XX+++++++++++++

X+X+++++++++X+XX++++++++

+++XX++++X++++++++++++++

++++++++++++++++++++++++

++++++X+X+++++++++++++++

+++++++X++++++++++++++++

++++++++++++++++++++++++

++++++++++++++++++++++++

++++++++++++++++++++++++

++++++++++++++++++++++++

++++++++++++++++++++++++

++++++++++++++++++++++++

++++++++++++++++++++++++

++++++++++++++++++++++++

++++++++++++++++++++++++d

+++++++++++++++++++++++++
+++++++X++++++++++++++++

+++++XX++X++++++++++++++

+++XX++++X++++++++++++++

X+X+++++++++X+++++++++++

+++++++++XX+++X+++++++++

+++++++XX+++++X+++++++++

+++X+++X++++++++++++++++

+++X+++X++++++++++++++++

+++++++XX+++++X+++++++++

+++++++++XX+++X+++++++++

X+X+++++++++X+++++++++++

+++XX++++X++++++++++++++

+++++XX++X++++++++++++++

+++++++X++++++++++++++++

++++++++++++++++++++++++

++++++++++++++++++++++++

++++++++++++++++++++++++

++++++++++++++++++++++++

++++++++++++++++++++++++

++++++++++++++++++++++++

++++++++++++++++++++++++

++++++++++++++++++++++++

++++++++++++++++++++++++

++++++++++++++++++++++++d

+++++++++++++++++++++++++
+++++X+XX+++++++++++++++

+++X+XXX+XX+++++++++++++

+XXXX+X+XXX+++++++++++++

XXX+X+++X++XXX++++++++++

+X+++++X+XXX++XX++++++++

++++++XXX+X++XXX++++++++

++XXX++X++++++++++++++++

++XXX++X++++++++++++++++

++++++XXX+X++XXX++++++++

+X+++++X+XXX++XX++++++++

XXX+X+++X++XXX++++++++++

+XXXX+X+XXX+++++++++++++

+++X+XXX+XX+++++++++++++

+++++X+XX+++++++++++++++

++++++++++++++++++++++++

++++++++++++++++++++++++

++++++++++++++++++++++++

++++++++++++++++++++++++

++++++++++++++++++++++++

++++++++++++++++++++++++

++++++++++++++++++++++++

++++++++++++++++++++++++

++++++++++++++++++++++++

++++++++++++++++++++++++d

+++++++++++++++++++++++++
++++++X+++++++++++++++++

++++XXX+X+++++++++++++++

+++XXX++++++++++++++++++

+++X+++++XX+++++++++++++

++++++++XX+++X++++++++++

+++++++XXX++++++++++++++

++++++XX++++++++++++++++

++++++XX++++++++++++++++

+++++++XXX++++++++++++++

++++++++XX+++X++++++++++

+++X+++++XX+++++++++++++

+++XXX++++++++++++++++++

++++XXX+X+++++++++++++++

++++++X+++++++++++++++++

++++++++++++++++++++++++

++++++++++++++++++++++++

++++++++++++++++++++++++

++++++++++++++++++++++++

++++++++++++++++++++++++

++++++++++++++++++++++++

++++++++++++++++++++++++

++++++++++++++++++++++++

++++++++++++++++++++++++

++++++++++++++++++++++++d

+++++++++++++++++++++++++
++++++++++++++++++++++++

+++++XX+XX++++++++++++++

+++XX++++X++++++++++++++

+XX+++++++++XX++++++++++

X++++++++XX+++++++++++++

+++++++XX+++++++++++++++

+++X+++X++++++++++++++++

+++X+++X++++++++++++++++

+++++++XX+++++++++++++++

X++++++++XX+++++++++++++

+XX+++++++++XX++++++++++

+++XX++++X++++++++++++++

+++++XX+XX++++++++++++++

++++++++++++++++++++++++

++++++++++++++++++++++++

++++++++++++++++++++++++

++++++++++++++++++++++++

++++++++++++++++++++++++

++++++++++++++++++++++++

++++++++++++++++++++++++

++++++++++++++++++++++++

++++++++++++++++++++++++

++++++++++++++++++++++++

++++++++++++++++++++++++d

+++++++++++++++++++++++++
+++++XXXXX++++++++++++++

+++X+XXXXXX+++++++++++++

+X+XX+XX+XX+XX++++++++++

XXX+X+++X++XXX++++++++++

X+X++++X+XXXXX++++++++++

++++++XXX+X+++++++++++++

++XXX++X++++++++++++++++

++XXX++X++++++++++++++++

++++++XXX+X+++++++++++++

X+X++++X+XXXXX++++++++++

XXX+X+++X++XXX++++++++++

+X+XX+XX+XX+XX++++++++++

+++X+XXXXXX+++++++++++++

+++++XXXXX++++++++++++++

++++++++++++++++++++++++

++++++++++++++++++++++++

++++++++++++++++++++++++

++++++++++++++++++++++++

++++++++++++++++++++++++

++++++++++++++++++++++++

++++++++++++++++++++++++

++++++++++++++++++++++++

++++++++++++++++++++++++

++++++++++++++++++++++++d

+++++X+++X+++++++++++++++
+++++XXXXX++++++++++++++

+++X+XXXXXX+XX++++++++++

+X+XX+XX+XX+XXX+++++++++

XXX+X+++X++XXX++++++++++

X+X++X+X+XXXXXX+++++++++

++++XXXXX+X++X++++++++++

+XXXX++X+X++++++++++++++

+XXXX++X+X++++++++++++++

++++XXXXX+X++X++++++++++

X+X++X+X+XXXXXX+++++++++

XXX+X+++X++XXX++++++++++

+X+XX+XX+XX+XXX+++++++++

+++X+XXXXXX+XX++++++++++

+++++XXXXX++++++++++++++

+++++X+++X++++++++++++++

++++++++++++++++++++++++

++++++++++++++++++++++++

++++++++++++++++++++++++

++++++++++++++++++++++++

++++++++++++++++++++++++

++++++++++++++++++++++++

++++++++++++++++++++++++

++++++++++++++++++++++++

++++++++++++++++++++++++d

++++++XXX++++++++++++++++
++++XX++++X+++++++++++++

++XX+++++++X++++++++++++

XX+++++++++++X++++++++++

X+++XXX+++++++X+++++++++

X+XX++X++++++X++++++++++

+XX+++X+++X+X+++++++++++

++X+XX++++++++++++++++++

++X+XX++++++++++++++++++

+XX+++X+++X+X+++++++++++

X+XX++X++++++X++++++++++

X+++XXX+++++++X+++++++++

XX+++++++++++X++++++++++

++XX+++++++X++++++++++++

++++XX++++X+++++++++++++

++++++XXX+++++++++++++++

++++++++++++++++++++++++

++++++++++++++++++++++++

++++++++++++++++++++++++

++++++++++++++++++++++++

++++++++++++++++++++++++

++++++++++++++++++++++++

++++++++++++++++++++++++

++++++++++++++++++++++++

++++++++++++++++++++++++d

+++++++++++++++++++++++++
++++++++++++++++++++++++

++++XX++XX++++++++++++++

++XXXX++XX++++++++++++++

+XXX+++++XX+++++++++++++

+X++++++XX++++++++++++++

+++++++XXX++++++++++++++

++++++XX++++++++++++++++

++++++XX++++++++++++++++

+++++++XXX++++++++++++++

+X++++++XX++++++++++++++

+XXX+++++XX+++++++++++++

++XXXX++XX++++++++++++++

++++XX++XX++++++++++++++

++++++++++++++++++++++++

++++++++++++++++++++++++

++++++++++++++++++++++++

++++++++++++++++++++++++

++++++++++++++++++++++++

++++++++++++++++++++++++

++++++++++++++++++++++++

++++++++++++++++++++++++

++++++++++++++++++++++++

++++++++++++++++++++++++

++++++++++++++++++++++++d

+++++++++++++++++++++++++
++++XX++XX++++++++++++++

++X+XXXXXXX+++++++++++++

++XXXXXXXX++++++++++++++

XXXX+X+X+XX+++++++++++++

XX+X++++XX++++++++++++++

+++++++XXXX+++++++++++++

+++++XXX+X++++++++++++++

+++++XXX+X++++++++++++++

+++++++XXXX+++++++++++++

XX+X++++XX++++++++++++++

XXXX+X+X+XX+++++++++++++

++XXXXXXXX++++++++++++++

++X+XXXXXXX+++++++++++++

++++XX++XX++++++++++++++

++++++++++++++++++++++++

++++++++++++++++++++++++

++++++++++++++++++++++++

++++++++++++++++++++++++

++++++++++++++++++++++++

++++++++++++++++++++++++

++++++++++++++++++++++++

++++++++++++++++++++++++

++++++++++++++++++++++++

++++++++++++++++++++++++d

+++++++++++++++++++++++++
++++++++++++++++++++++++

+++++X++XX++++++++++++++

+X+++X++++++++++++++++++

+X++++++++X+++++++++++++

+X+++++X++++++++++++++++

++++++X++X++++++++++++++

++++++++++++++++++++++++

++++++++++++++++++++++++

++++++X++X++++++++++++++

+X+++++X++++++++++++++++

+X++++++++X+++++++++++++

+X+++X++++++++++++++++++

+++++X++XX++++++++++++++

++++++++++++++++++++++++

++++++++++++++++++++++++

++++++++++++++++++++++++

++++++++++++++++++++++++

++++++++++++++++++++++++

++++++++++++++++++++++++

++++++++++++++++++++++++

++++++++++++++++++++++++

++++++++++++++++++++++++

++++++++++++++++++++++++

++++++++++++++++++++++++d

+++++++++++++++++++++++++
++++++++++++++++++++++++

+++++++X++++++++++++++++

++++++++X+++++++++++++++

++++X+++++XX++++++++++++

+++++++++XX+X+++++++++++

XX+X+X++X+++X+++++++++++

+++X++++X+++++++++++++++

+++X++++X+++++++++++++++

XX+X+X++X+++X+++++++++++

+++++++++XX+X+++++++++++

++++X+++++XX++++++++++++

++++++++X+++++++++++++++

+++++++X++++++++++++++++

++++++++++++++++++++++++

++++++++++++++++++++++++

++++++++++++++++++++++++

++++++++++++++++++++++++

++++++++++++++++++++++++

++++++++++++++++++++++++

++++++++++++++++++++++++

++++++++++++++++++++++++

++++++++++++++++++++++++

++++++++++++++++++++++++

++++++++++++++++++++++++d

+++++++++++++++++++++++++
++++++++++++++++++++++++

+++++++XX+++++++++++++++

+++++++XXXXX++++++++++++

++++X+++X+XXX+++++++++++

XXXX+X++XXX+XX++++++++++

XX+X+X+XX+X+XX++++++++++

XX+X++++X+++++++++++++++

XX+X++++X+++++++++++++++

XX+X+X+XX+X+XX++++++++++

XXXX+X++XXX+XX++++++++++

++++X+++X+XXX+++++++++++

+++++++XXXXX++++++++++++

+++++++XX+++++++++++++++

++++++++++++++++++++++++

++++++++++++++++++++++++

++++++++++++++++++++++++

++++++++++++++++++++++++

++++++++++++++++++++++++

++++++++++++++++++++++++

++++++++++++++++++++++++

++++++++++++++++++++++++

++++++++++++++++++++++++

++++++++++++++++++++++++

++++++++++++++++++++++++d

+++++++++++++++++++++++++
+++++++XX+++++++++++++++

++++++XXX++X++++++++++++

++++++XXXXXX++++++++++++

X+++XXX+X+XXX+++++++++++

XXXX+X++XXX+XXX+++++++++

XX+X+X+XX+X+XXX+++++++++

XX+X++X+X++XXX++++++++++

XX+X++X+X++XXX++++++++++

XX+X+X+XX+X+XXX+++++++++

XXXX+X++XXX+XXX+++++++++

X+++XXX+X+XXX+++++++++++

++++++XXXXXX++++++++++++

++++++XXX++X++++++++++++

+++++++XX+++++++++++++++

++++++++++++++++++++++++

++++++++++++++++++++++++

++++++++++++++++++++++++

++++++++++++++++++++++++

++++++++++++++++++++++++

++++++++++++++++++++++++

++++++++++++++++++++++++

++++++++++++++++++++++++

++++++++++++++++++++++++

++++++++++++++++++++++++d

+++++++XX++++++++++++++++
+++++++XXX++++++++++++++

+++++XXXX++XX+++++++++++

++++X+XXXXXX++++++++++++

X+++XXX+X+XXX+X+++++++++

XXXX+X++XXX+XXXX++++++++

XX+X+X+XX+X+XXXX++++++++

XX+X++X+X++XXX++++++++++

XX+X++X+X++XXX++++++++++

XX+X+X+XX+X+XXXX++++++++

XXXX+X++XXX+XXXX++++++++

X+++XXX+X+XXX+X+++++++++

++++X+XXXXXX++++++++++++

+++++XXXX++XX+++++++++++

+++++++XXX++++++++++++++

+++++++XX+++++++++++++++

++++++++++++++++++++++++

++++++++++++++++++++++++

++++++++++++++++++++++++

++++++++++++++++++++++++

++++++++++++++++++++++++

++++++++++++++++++++++++

++++++++++++++++++++++++

++++++++++++++++++++++++

++++++++++++++++++++++++d

+++++++++++++++++++++++++
++++++X+X+++++++++++++++

+++++++++++X++++++++++++

++++++++++++++++++++++++

X+XXX+++++++++++++++++++

+++X++++++++++X+++++++++

+++X+X++++X+++++++++++++

+++X+XX+X+X+++++++++++++

+++X+XX+X+X+++++++++++++

+++X+X++++X+++++++++++++

+++X++++++++++X+++++++++

X+XXX+++++++++++++++++++

++++++++++++++++++++++++

+++++++++++X++++++++++++

++++++X+X+++++++++++++++

++++++++++++++++++++++++

++++++++++++++++++++++++

++++++++++++++++++++++++

++++++++++++++++++++++++

++++++++++++++++++++++++

++++++++++++++++++++++++

++++++++++++++++++++++++

++++++++++++++++++++++++

++++++++++++++++++++++++

++++++++++++++++++++++++d

+++++++++++++++++++++++++
++++++++++++++++++++++++

+++++++X++X+++++++++++++

++++++++++++X+++++++++++

+XXXX++++++++X++++++++++

X++X+XX+++++++++++++++++

+++X++XX++X+XX++++++++++

+++X++++X+++++++++++++++

+++X++++X+++++++++++++++

+++X++XX++X+XX++++++++++

X++X+XX+++++++++++++++++

+XXXX++++++++X++++++++++

++++++++++++X+++++++++++

+++++++X++X+++++++++++++

++++++++++++++++++++++++

++++++++++++++++++++++++

++++++++++++++++++++++++

++++++++++++++++++++++++

++++++++++++++++++++++++

++++++++++++++++++++++++

++++++++++++++++++++++++

++++++++++++++++++++++++

++++++++++++++++++++++++

++++++++++++++++++++++++

++++++++++++++++++++++++d

+++++++++++++++++++++++++
++++++++++++++++++++++++

+++++++X++XX++++++++++++

+X++X++++++XXX++++++++++

XXXXX+X+++++XX++++++++++

X++X+XX++++X++X+++++++++

+++X++XXXXXXXX++++++++++

+++X++X+X++XXX++++++++++

+++X++X+X++XXX++++++++++

+++X++XXXXXXXX++++++++++

X++X+XX++++X++X+++++++++

XXXXX+X+++++XX++++++++++

+X++X++++++XXX++++++++++

+++++++X++XX++++++++++++

++++++++++++++++++++++++

++++++++++++++++++++++++

++++++++++++++++++++++++

++++++++++++++++++++++++

++++++++++++++++++++++++

++++++++++++++++++++++++

++++++++++++++++++++++++

++++++++++++++++++++++++

++++++++++++++++++++++++

++++++++++++++++++++++++

++++++++++++++++++++++++d

+++++++++++++++++++++++++
++++++++++++++++++++++++

++++++++++++++++++++++++

++XX++++++++++++++++++++

+XXXXX++++++++++++++++++

+X+++XXX++++XX++++++++++

++XX+XXX++++++++++++++++

++XXX+++XX++++++++++++++

++XXX+++XX++++++++++++++

++XX+XXX++++++++++++++++

+X+++XXX++++XX++++++++++

+XXXXX++++++++++++++++++

++XX++++++++++++++++++++

++++++++++++++++++++++++

++++++++++++++++++++++++

++++++++++++++++++++++++

++++++++++++++++++++++++

++++++++++++++++++++++++

++++++++++++++++++++++++

++++++++++++++++++++++++

++++++++++++++++++++++++

++++++++++++++++++++++++

++++++++++++++++++++++++

++++++++++++++++++++++++

++++++++++++++++++++++++d

+++++++++++++++++++++++++
++++++++++++++++++++++++

++++++++++++++++++++++++

++++++++++++++++++++++++

++++++++++XX++++++++++++

++++X++++XX+X+++++++++++

++X+X+++X++X++++++++++++

+++X+++XXX++++++++++++++

+++X+++XXX++++++++++++++

++X+X+++X++X++++++++++++

++++X++++XX+X+++++++++++

++++++++++XX++++++++++++

++++++++++++++++++++++++

++++++++++++++++++++++++

++++++++++++++++++++++++

++++++++++++++++++++++++

++++++++++++++++++++++++

++++++++++++++++++++++++

++++++++++++++++++++++++

++++++++++++++++++++++++

++++++++++++++++++++++++

++++++++++++++++++++++++

++++++++++++++++++++++++

++++++++++++++++++++++++

++++++++++++++++++++++++d

+++++++++++++++++++++++++
++++++++++++++++++++++++

++++++++++++++++++++++++

++++++++++XX++++++++++++

++++++++++XXX+++++++++++

++++XX++XXX+X+++++++++++

++X+XX++X++XX+++++++++++

+++X++XXXX++++++++++++++

+++X++XXXX++++++++++++++

++X+XX++X++XX+++++++++++

++++XX++XXX+X+++++++++++

++++++++++XXX+++++++++++

++++++++++XX++++++++++++

++++++++++++++++++++++++

++++++++++++++++++++++++

++++++++++++++++++++++++

++++++++++++++++++++++++

++++++++++++++++++++++++

++++++++++++++++++++++++

++++++++++++++++++++++++

++++++++++++++++++++++++

++++++++++++++++++++++++

++++++++++++++++++++++++

++++++++++++++++++++++++

++++++++++++++++++++++++d

+++++++++++++++++++++++++
++++++++++++++++++++++++

++++++++++XX++++++++++++

+++++++++XXX++++++++++++

++++XX++X+XXXX++++++++++

++++XXXXXXX+X+++++++++++

++X+XX++X++XXX++++++++++

+++X++XXXX+XX+++++++++++

+++X++XXXX+XX+++++++++++

++X+XX++X++XXX++++++++++

++++XXXXXXX+X+++++++++++

++++XX++X+XXXX++++++++++

+++++++++XXX++++++++++++

++++++++++XX++++++++++++

++++++++++++++++++++++++

++++++++++++++++++++++++

++++++++++++++++++++++++

++++++++++++++++++++++++

++++++++++++++++++++++++

++++++++++++++++++++++++

++++++++++++++++++++++++

++++++++++++++++++++++++

++++++++++++++++++++++++

++++++++++++++++++++++++

++++++++++++++++++++++++d

+++++++++++++++++++++++++
++++++++++++++++++++++++

++++++++++++++++++++++++

++++++++++X+X+++++++++++

++++++++++++X+++++++++++

+++XXX++X++++X++++++++++

+++++++++++XX+++++++++++

++XX++++++X+++++++++++++

++XX++++++X+++++++++++++

+++++++++++XX+++++++++++

+++XXX++X++++X++++++++++

++++++++++++X+++++++++++

++++++++++X+X+++++++++++

++++++++++++++++++++++++

++++++++++++++++++++++++

++++++++++++++++++++++++

++++++++++++++++++++++++

++++++++++++++++++++++++

++++++++++++++++++++++++

++++++++++++++++++++++++

++++++++++++++++++++++++

++++++++++++++++++++++++

++++++++++++++++++++++++

++++++++++++++++++++++++

++++++++++++++++++++++++d

+++++++++++++++++++++++++
++++++++++++++++++++++++

++++++++++++++++++++++++

++++++++++++++++++++++++

+++++++++XXX++++++++++++

+++X+++++X++X+++++++++++

++++X++X+++X++++++++++++

++XXX+++++X+++++++++++++

++XXX+++++X+++++++++++++

++++X++X+++X++++++++++++

+++X+++++X++X+++++++++++

+++++++++XXX++++++++++++

++++++++++++++++++++++++

++++++++++++++++++++++++

++++++++++++++++++++++++

++++++++++++++++++++++++

++++++++++++++++++++++++

++++++++++++++++++++++++

++++++++++++++++++++++++

++++++++++++++++++++++++

++++++++++++++++++++++++

++++++++++++++++++++++++

++++++++++++++++++++++++

++++++++++++++++++++++++

++++++++++++++++++++++++d

+++++++++++++++++++++++++
++++++++++++++++++++++++

++++++++++++++++++++++++

+++++++++X+X++++++++++++

++++++++XXXXX+++++++++++

+++XX++++X++X+++++++++++

++++XX+XXX+XX+++++++++++

+XXXX++++XX+++++++++++++

+XXXX++++XX+++++++++++++

++++XX+XXX+XX+++++++++++

+++XX++++X++X+++++++++++

++++++++XXXXX+++++++++++

+++++++++X+X++++++++++++

++++++++++++++++++++++++

++++++++++++++++++++++++

++++++++++++++++++++++++

++++++++++++++++++++++++

++++++++++++++++++++++++

++++++++++++++++++++++++

++++++++++++++++++++++++

++++++++++++++++++++++++

++++++++++++++++++++++++

++++++++++++++++++++++++

++++++++++++++++++++++++

++++++++++++++++++++++++d

+++++++++++++++++++++++++
++++++++++++++++++++++++

++++++++++++++++++++++++

++++++++++X+++++++++++++

+++++++++XXX++++++++++++

++++++++XX++X+++++++++++

++X+X+++++XX++++++++++++

++X++X++++XX++++++++++++

++X++X++++XX++++++++++++

++X+X+++++XX++++++++++++

++++++++XX++X+++++++++++

+++++++++XXX++++++++++++

++++++++++X+++++++++++++

++++++++++++++++++++++++

++++++++++++++++++++++++

++++++++++++++++++++++++

++++++++++++++++++++++++

++++++++++++++++++++++++

++++++++++++++++++++++++

++++++++++++++++++++++++

++++++++++++++++++++++++

++++++++++++++++++++++++

++++++++++++++++++++++++

++++++++++++++++++++++++

++++++++++++++++++++++++d

+++++++++++++++++++++++++
++++++++++++++++++++++++

++++++++++++++++++++++++

++++++++++++++++++++++++

++++++++++++++++++++++++

+++XXX+XX+++++++++++++++

++XXX++++X+X++++++++++++

XX+X++++X++X++++++++++++

XX+X++++X++X++++++++++++

++XXX++++X+X++++++++++++

+++XXX+XX+++++++++++++++

++++++++++++++++++++++++

++++++++++++++++++++++++

++++++++++++++++++++++++

++++++++++++++++++++++++

++++++++++++++++++++++++

++++++++++++++++++++++++

++++++++++++++++++++++++

++++++++++++++++++++++++

++++++++++++++++++++++++

++++++++++++++++++++++++

++++++++++++++++++++++++

++++++++++++++++++++++++

++++++++++++++++++++++++

++++++++++++++++++++++++d

+++++++++++++++++++++++++
++++++++++++++++++++++++

++++++++++++++++++++++++

++++++++++++++++++++++++

+++X+XXXX+++++++++++++++

+++XXXXXXXX+++++++++++++

X+XXX+X++X+XX+++++++++++

XX+X+++XX++X++++++++++++

XX+X+++XX++X++++++++++++

X+XXX+X++X+XX+++++++++++

+++XXXXXXXX+++++++++++++

+++X+XXXX+++++++++++++++

++++++++++++++++++++++++

++++++++++++++++++++++++

++++++++++++++++++++++++

++++++++++++++++++++++++

++++++++++++++++++++++++

++++++++++++++++++++++++

++++++++++++++++++++++++

++++++++++++++++++++++++

++++++++++++++++++++++++

++++++++++++++++++++++++

++++++++++++++++++++++++

++++++++++++++++++++++++

++++++++++++++++++++++++d

+++++++++++++++++++++++++
++++++++++++++++++++++++

++++++++++++++++++++++++

++++XX++X+++++++++++++++

++XX+XXXX+X+++++++++++++

+X+XXXXXXXX+X+++++++++++

X+XXX+X++X+XX+++++++++++

XX+X+X+XX++X++++++++++++

XX+X+X+XX++X++++++++++++

X+XXX+X++X+XX+++++++++++

+X+XXXXXXXX+X+++++++++++

++XX+XXXX+X+++++++++++++

++++XX++X+++++++++++++++

++++++++++++++++++++++++

++++++++++++++++++++++++

++++++++++++++++++++++++

++++++++++++++++++++++++

++++++++++++++++++++++++

++++++++++++++++++++++++

++++++++++++++++++++++++

++++++++++++++++++++++++

++++++++++++++++++++++++

++++++++++++++++++++++++

++++++++++++++++++++++++

++++++++++++++++++++++++d

+++++++++++++++++++++++++
++++++++++++++++++++++++

++++XX++++++++++++++++++

++X+XX++X+++++++++++++++

+XXX+XXXX+X+++++++++++++

XX+XXXXXXXX+XX++++++++++

X+XXX+X++X+XXX++++++++++

XX+X+X+XX++X++++++++++++

XX+X+X+XX++X++++++++++++

X+XXX+X++X+XXX++++++++++

XX+XXXXXXXX+XX++++++++++

+XXX+XXXX+X+++++++++++++

++X+XX++X+++++++++++++++

++++XX++++++++++++++++++

++++++++++++++++++++++++

++++++++++++++++++++++++

++++++++++++++++++++++++

++++++++++++++++++++++++

++++++++++++++++++++++++

++++++++++++++++++++++++

++++++++++++++++++++++++

++++++++++++++++++++++++

++++++++++++++++++++++++

++++++++++++++++++++++++

++++++++++++++++++++++++d

+++++++++++++++++++++++++
++++XX++++++++++++++++++

++++XXX+++++++++++++++++

++X+XX++X+++++++++++++++

+XXX+XXXX+X+XX++++++++++

XX+XXXXXXXX+XXX+++++++++

X+XXX+X++X+XXXX+++++++++

XX+X+X+XX++X+X++++++++++

XX+X+X+XX++X+X++++++++++

X+XXX+X++X+XXXX+++++++++

XX+XXXXXXXX+XXX+++++++++

+XXX+XXXX+X+XX++++++++++

++X+XX++X+++++++++++++++

++++XXX+++++++++++++++++

++++XX++++++++++++++++++

++++++++++++++++++++++++

++++++++++++++++++++++++

++++++++++++++++++++++++

++++++++++++++++++++++++

++++++++++++++++++++++++

++++++++++++++++++++++++

++++++++++++++++++++++++

++++++++++++++++++++++++

++++++++++++++++++++++++

++++++++++++++++++++++++d

+++++++++++++++++++++++++
++++++++++++++++++++++++

+++XXX++++++++++++++++++

+XX+++++XX++++++++++++++

X+++++++++XX++++++++++++

X++++++++++++X++++++++++

+++++++++++++X++++++++++

+++++X+++X+X++++++++++++

+++++X+++X+X++++++++++++

+++++++++++++X++++++++++

X++++++++++++X++++++++++

X+++++++++XX++++++++++++

+XX+++++XX++++++++++++++

+++XXX++++++++++++++++++

++++++++++++++++++++++++

++++++++++++++++++++++++

++++++++++++++++++++++++

++++++++++++++++++++++++

++++++++++++++++++++++++

++++++++++++++++++++++++

++++++++++++++++++++++++

++++++++++++++++++++++++

++++++++++++++++++++++++

++++++++++++++++++++++++

++++++++++++++++++++++++d

+++++++++++++++++++++++++
++++++++++++++++++++++++

++++++++++++++++++++++++

+++XXX++XX++++++++++++++

++X+++++++XX++++++++++++

+X++++++++++X+++++++++++

X+++++++++++X+++++++++++

+++++X+++X+X++++++++++++

+++++X+++X+X++++++++++++

X+++++++++++X+++++++++++

+X++++++++++X+++++++++++

++X+++++++XX++++++++++++

+++XXX++XX++++++++++++++

++++++++++++++++++++++++

++++++++++++++++++++++++

++++++++++++++++++++++++

++++++++++++++++++++++++

++++++++++++++++++++++++

++++++++++++++++++++++++

++++++++++++++++++++++++

++++++++++++++++++++++++

++++++++++++++++++++++++

++++++++++++++++++++++++

++++++++++++++++++++++++

++++++++++++++++++++++++d

+++++++++++++++++++++++++
++++++++++++++++++++++++

+++X+X++XX++++++++++++++

++XXXX++XX+X++++++++++++

+XX++X++X+XXX+++++++++++

XXX+++++++X+XX++++++++++

XX++++++++X+XX++++++++++

++++XXX+XX+X++++++++++++

++++XXX+XX+X++++++++++++

XX++++++++X+XX++++++++++

XXX+++++++X+XX++++++++++

+XX++X++X+XXX+++++++++++

++XXXX++XX+X++++++++++++

+++X+X++XX++++++++++++++

++++++++++++++++++++++++

++++++++++++++++++++++++

++++++++++++++++++++++++

++++++++++++++++++++++++

++++++++++++++++++++++++

++++++++++++++++++++++++

++++++++++++++++++++++++

++++++++++++++++++++++++

++++++++++++++++++++++++

++++++++++++++++++++++++

++++++++++++++++++++++++d

+++++++++++++++++++++++++
++++++++++++++++++++++++

++++X+++++++++++++++++++

+++XX++++XX+++++++++++++

++XXX++++XXX++++++++++++

+X++++++++++X+++++++++++

+++++++++++XX+++++++++++

+++++++++++XX+++++++++++

+++++++++++XX+++++++++++

+++++++++++XX+++++++++++

+X++++++++++X+++++++++++

++XXX++++XXX++++++++++++

+++XX++++XX+++++++++++++

++++X+++++++++++++++++++

++++++++++++++++++++++++

++++++++++++++++++++++++

++++++++++++++++++++++++

++++++++++++++++++++++++

++++++++++++++++++++++++

++++++++++++++++++++++++

++++++++++++++++++++++++

++++++++++++++++++++++++

++++++++++++++++++++++++

++++++++++++++++++++++++

++++++++++++++++++++++++d

+++++++++++++++++++++++++
++++++++++++++++++++++++

++++++++++++++++++++++++

++++++XX++++++++++++++++

+++X++++++++++++++++++++

++++++++++XX++++++++++++

X++++++++++XX+++++++++++

++++++X++X+X++++++++++++

++++++X++X+X++++++++++++

X++++++++++XX+++++++++++

++++++++++XX++++++++++++

+++X++++++++++++++++++++

++++++XX++++++++++++++++

++++++++++++++++++++++++

++++++++++++++++++++++++

++++++++++++++++++++++++

++++++++++++++++++++++++

++++++++++++++++++++++++

++++++++++++++++++++++++

++++++++++++++++++++++++

++++++++++++++++++++++++

++++++++++++++++++++++++

++++++++++++++++++++++++

++++++++++++++++++++++++

++++++++++++++++++++++++d

+++++++++++++++++++++++++
++++++++++++++++++++++++

++++++XX++++++++++++++++

++++++XX++++++++++++++++

+++X++XX++XX++++++++++++

++++++++++XX++++++++++++

X++++++++X+XX+++++++++++

+++++XXXXX+X++++++++++++

+++++XXXXX+X++++++++++++

X++++++++X+XX+++++++++++

++++++++++XX++++++++++++

+++X++XX++XX++++++++++++

++++++XX++++++++++++++++

++++++XX++++++++++++++++

++++++++++++++++++++++++

++++++++++++++++++++++++

++++++++++++++++++++++++

++++++++++++++++++++++++

++++++++++++++++++++++++

++++++++++++++++++++++++

++++++++++++++++++++++++

++++++++++++++++++++++++

++++++++++++++++++++++++

++++++++++++++++++++++++

++++++++++++++++++++++++d

+++++++++++++++++++++++++
++++++XX++++++++++++++++

+++++XXXX+++++++++++++++

++++++XX++XX++++++++++++

+++X+XXXXXXXX+++++++++++

++++++XXX+XX++++++++++++

X++++X+++X+XX+++++++++++

++++XXXXXX+X++++++++++++

++++XXXXXX+X++++++++++++

X++++X+++X+XX+++++++++++

++++++XXX+XX++++++++++++

+++X+XXXXXXXX+++++++++++

++++++XX++XX++++++++++++

+++++XXXX+++++++++++++++

++++++XX++++++++++++++++

++++++++++++++++++++++++

++++++++++++++++++++++++

++++++++++++++++++++++++

++++++++++++++++++++++++

++++++++++++++++++++++++

++++++++++++++++++++++++

++++++++++++++++++++++++

++++++++++++++++++++++++

++++++++++++++++++++++++

++++++++++++++++++++++++d

+++++++++++++++++++++++++
++++++++++++++++++++++++

++++++XX++++++++++++++++

+++++X++X+++++++++++++++

++++++XX++XX++++++++++++

+++++++++X++++++++++++++

++++++XX+X++X+++++++++++

+++++X+++++X++++++++++++

+++++X+++++X++++++++++++

++++++XX+X++X+++++++++++

+++++++++X++++++++++++++

++++++XX++XX++++++++++++

+++++X++X+++++++++++++++

++++++XX++++++++++++++++

++++++++++++++++++++++++

++++++++++++++++++++++++

++++++++++++++++++++++++

++++++++++++++++++++++++

++++++++++++++++++++++++

++++++++++++++++++++++++

++++++++++++++++++++++++

++++++++++++++++++++++++

++++++++++++++++++++++++

++++++++++++++++++++++++

++++++++++++++++++++++++d

+++++++++++++++++++++++++
++++++++++++++++++++++++

++++++++++++++++++++++++

++++++++++++++++++++++++

++++++++++++++++++++++++

++++++++++XXX+++++++++++

++++++++++++X+++++++++++

+++++++++++X++++++++++++

+++++++++++X++++++++++++

++++++++++++X+++++++++++

++++++++++XXX+++++++++++

++++++++++++++++++++++++

++++++++++++++++++++++++

++++++++++++++++++++++++

++++++++++++++++++++++++

++++++++++++++++++++++++

++++++++++++++++++++++++

++++++++++++++++++++++++

++++++++++++++++++++++++

++++++++++++++++++++++++

++++++++++++++++++++++++

++++++++++++++++++++++++

++++++++++++++++++++++++

++++++++++++++++++++++++

++++++++++++++++++++++++d

+++++++++++++++++++++++++
++++++++++++++++++++++++

++++++++++++++++++++++++

++++++++++++++++++++++++

++++++++++X+X+++++++++++

++++++++++XXXX++++++++++

++++++++++++XX++++++++++

++++++++++XX++++++++++++

++++++++++XX++++++++++++

++++++++++++XX++++++++++

++++++++++XXXX++++++++++

++++++++++X+X+++++++++++

++++++++++++++++++++++++

++++++++++++++++++++++++

++++++++++++++++++++++++

++++++++++++++++++++++++

++++++++++++++++++++++++

++++++++++++++++++++++++

++++++++++++++++++++++++

++++++++++++++++++++++++

++++++++++++++++++++++++

++++++++++++++++++++++++

++++++++++++++++++++++++

++++++++++++++++++++++++

++++++++++++++++++++++++d

+++++++++++++++++++++++++
++++++++++++++++++++++++

++++++++++++++++++++++++

++++++++++++++++++++++++

+++++++++++X++++++++++++

+++++++++++XX+++++++++++

++++++++++X+X+++++++++++

+++++++++++XX+++++++++++

+++++++++++XX+++++++++++

++++++++++X+X+++++++++++

+++++++++++XX+++++++++++

+++++++++++X++++++++++++

++++++++++++++++++++++++

++++++++++++++++++++++++

++++++++++++++++++++++++

++++++++++++++++++++++++

++++++++++++++++++++++++

++++++++++++++++++++++++

++++++++++++++++++++++++

++++++++++++++++++++++++

++++++++++++++++++++++++

++++++++++++++++++++++++

++++++++++++++++++++++++

++++++++++++++++++++++++

++++++++++++++++++++++++d

+++++++++++++++++++++++++
++++++++++++++++++++++++

++++++++++++++++++++++++

++++++++++++++++++++++++

++++X+++++++++++++++++++

++X++X++X+++++++++++++++

+X+++X+X+XX+++++++++++++

X+++++++XX+XX+++++++++++

X+++++++XX+XX+++++++++++

+X+++X+X+XX+++++++++++++

++X++X++X+++++++++++++++

++++X+++++++++++++++++++

++++++++++++++++++++++++

++++++++++++++++++++++++

++++++++++++++++++++++++

++++++++++++++++++++++++

++++++++++++++++++++++++

++++++++++++++++++++++++

++++++++++++++++++++++++

++++++++++++++++++++++++

++++++++++++++++++++++++

++++++++++++++++++++++++

++++++++++++++++++++++++

++++++++++++++++++++++++

++++++++++++++++++++++++d

+++++++++++++++++++++++++
++++++++++++++++++++++++

++++++++++++++++++++++++

++++++++++++++++++++++++

+++XXX++++++++++++++++++

+XXX+X+XX+X+++++++++++++

XXX+XX+X+XX+X+++++++++++

X+++++X+XX+XXX++++++++++

X+++++X+XX+XXX++++++++++

XXX+XX+X+XX+X+++++++++++

+XXX+X+XX+X+++++++++++++

+++XXX++++++++++++++++++

++++++++++++++++++++++++

++++++++++++++++++++++++

++++++++++++++++++++++++

++++++++++++++++++++++++

++++++++++++++++++++++++

++++++++++++++++++++++++

++++++++++++++++++++++++

++++++++++++++++++++++++

++++++++++++++++++++++++

++++++++++++++++++++++++

++++++++++++++++++++++++

++++++++++++++++++++++++

++++++++++++++++++++++++d

+++++++++++++++++++++++++
++++++++++++++++++++++++

++++++++++++++++++++++++

+++X+X++++++++++++++++++

+X+XXX+XXX++++++++++++++

+XXX+X+XX+X+++++++++++++

XXX+XX+X+XX+X+++++++++++

X+XXX+X+XX+XXXX+++++++++

X+XXX+X+XX+XXXX+++++++++

XXX+XX+X+XX+X+++++++++++

+XXX+X+XX+X+++++++++++++

+X+XXX+XXX++++++++++++++

+++X+X++++++++++++++++++

++++++++++++++++++++++++

++++++++++++++++++++++++

++++++++++++++++++++++++

++++++++++++++++++++++++

++++++++++++++++++++++++

++++++++++++++++++++++++

++++++++++++++++++++++++

++++++++++++++++++++++++

++++++++++++++++++++++++

++++++++++++++++++++++++

++++++++++++++++++++++++

++++++++++++++++++++++++d

+++++++++++++++++++++++++
++++++++++++++++++++++++

++++X+++++++++++++++++++

+++X+X+X+X++++++++++++++

XX+XXX+XXXX+++++++++++++

+XXX+X+XX+X+++++++++++++

XXX+XX+X+XX+X+X+++++++++

X+XXX+X+XX+XXXXX++++++++

X+XXX+X+XX+XXXXX++++++++

XXX+XX+X+XX+X+X+++++++++

+XXX+X+XX+X+++++++++++++

XX+XXX+XXXX+++++++++++++

+++X+X+X+X++++++++++++++

++++X+++++++++++++++++++

++++++++++++++++++++++++

++++++++++++++++++++++++

++++++++++++++++++++++++

++++++++++++++++++++++++

++++++++++++++++++++++++

++++++++++++++++++++++++

++++++++++++++++++++++++

++++++++++++++++++++++++

++++++++++++++++++++++++

++++++++++++++++++++++++

++++++++++++++++++++++++d

+++++++++++++++++++++++++
++++++++++++++++++++++++

++++++++++++++++++++++++

++XX+XX+X+++++++++++++++

+X+++X+X+X++++++++++++++

++++++++++XX++++++++++++

X+++++++++++X+++++++++++

X+++++X+++++++X+++++++++

X+++++X+++++++X+++++++++

X+++++++++++X+++++++++++

++++++++++XX++++++++++++

+X+++X+X+X++++++++++++++

++XX+XX+X+++++++++++++++

++++++++++++++++++++++++

++++++++++++++++++++++++

++++++++++++++++++++++++

++++++++++++++++++++++++

++++++++++++++++++++++++

++++++++++++++++++++++++

++++++++++++++++++++++++

++++++++++++++++++++++++

++++++++++++++++++++++++

++++++++++++++++++++++++

++++++++++++++++++++++++

++++++++++++++++++++++++d

+++++++++++++++++++++++++
++++++++++++++++++++++++

++++++++++++++++++++++++

++++X+++++++++++++++++++

+++X+XX+++++++++++++++++

X++++++XX+XX++++++++++++

X+++XX++++++XX++++++++++

X+++++X+++++++++++++++++

X+++++X+++++++++++++++++

X+++XX++++++XX++++++++++

X++++++XX+XX++++++++++++

+++X+XX+++++++++++++++++

++++X+++++++++++++++++++

++++++++++++++++++++++++

++++++++++++++++++++++++

++++++++++++++++++++++++

++++++++++++++++++++++++

++++++++++++++++++++++++

++++++++++++++++++++++++

++++++++++++++++++++++++

++++++++++++++++++++++++

++++++++++++++++++++++++

++++++++++++++++++++++++

++++++++++++++++++++++++

++++++++++++++++++++++++d

+++++++++++++++++++++++++
++++++++++++++++++++++++

++++++++++++++++++++++++

+++XX+X+++++++++++++++++

+++X+XX+XXXX++++++++++++

XX+X+++XXXXX+X++++++++++

X+++XX++XXX+XX++++++++++

X+++X+XX++++XX++++++++++

X+++X+XX++++XX++++++++++

X+++XX++XXX+XX++++++++++

XX+X+++XXXXX+X++++++++++

+++X+XX+XXXX++++++++++++

+++XX+X+++++++++++++++++

++++++++++++++++++++++++

++++++++++++++++++++++++

++++++++++++++++++++++++

++++++++++++++++++++++++

++++++++++++++++++++++++

++++++++++++++++++++++++

++++++++++++++++++++++++

++++++++++++++++++++++++

++++++++++++++++++++++++

++++++++++++++++++++++++

++++++++++++++++++++++++

++++++++++++++++++++++++d

+++++++++++++++++++++++++
++++++++++++++++++++++++

++++++++++++++++++++++++

++++XX++++++++++++++++++

++++XXXX++++++++++++++++

+++++++X+++XX+++++++++++

XX+++XXX+++XX+++++++++++

XX++++X+++++++++++++++++

XX++++X+++++++++++++++++

XX+++XXX+++XX+++++++++++

+++++++X+++XX+++++++++++

++++XXXX++++++++++++++++

++++XX++++++++++++++++++

++++++++++++++++++++++++

++++++++++++++++++++++++

++++++++++++++++++++++++

++++++++++++++++++++++++

++++++++++++++++++++++++

++++++++++++++++++++++++

++++++++++++++++++++++++

++++++++++++++++++++++++

++++++++++++++++++++++++

++++++++++++++++++++++++

++++++++++++++++++++++++

++++++++++++++++++++++++d

+++++++++++++++++++++++++
++++++++++++++++++++++++

++++++++++++++++++++++++

++++++++++++++++++++++++

++++++++++++++++++++++++

++++XXX+XX++++++++++++++

+X++++XX++XX++++++++++++

XX+++++X++++X+++++++++++

XX+++++X++++X+++++++++++

+X++++XX++XX++++++++++++

++++XXX+XX++++++++++++++

++++++++++++++++++++++++

++++++++++++++++++++++++

++++++++++++++++++++++++

++++++++++++++++++++++++

++++++++++++++++++++++++

++++++++++++++++++++++++

++++++++++++++++++++++++

++++++++++++++++++++++++

++++++++++++++++++++++++

++++++++++++++++++++++++

++++++++++++++++++++++++

++++++++++++++++++++++++

++++++++++++++++++++++++

++++++++++++++++++++++++d

+++++++++++++++++++++++++
++++++++++++++++++++++++

++++++++++++++++++++++++

++++++++++++++++++++++++

++++X+XXXX++++++++++++++

++++XXX+XX+X++++++++++++

+XX+X+XX++XXX+++++++++++

XX+++++X++X+XX++++++++++

XX+++++X++X+XX++++++++++

+XX+X+XX++XXX+++++++++++

++++XXX+XX+X++++++++++++

++++X+XXXX++++++++++++++

++++++++++++++++++++++++

++++++++++++++++++++++++

++++++++++++++++++++++++

++++++++++++++++++++++++

++++++++++++++++++++++++

++++++++++++++++++++++++

++++++++++++++++++++++++

++++++++++++++++++++++++

++++++++++++++++++++++++

++++++++++++++++++++++++

++++++++++++++++++++++++

++++++++++++++++++++++++

++++++++++++++++++++++++d

+++++++++++++++++++++++++
++++++++++++++++++++++++

++++++++++++++++++++++++

+++++XX++X++++++++++++++

+++XX+XXXX++++++++++++++

+XX+XXX+XX+X++++++++++++

+XX+X+XX++XXX+++++++++++

XX+X+X+X++X+XXX+++++++++

XX+X+X+X++X+XXX+++++++++

+XX+X+XX++XXX+++++++++++

+XX+XXX+XX+X++++++++++++

+++XX+XXXX++++++++++++++

+++++XX++X++++++++++++++

++++++++++++++++++++++++

++++++++++++++++++++++++

++++++++++++++++++++++++

++++++++++++++++++++++++

++++++++++++++++++++++++

++++++++++++++++++++++++

++++++++++++++++++++++++

++++++++++++++++++++++++

++++++++++++++++++++++++

++++++++++++++++++++++++

++++++++++++++++++++++++

++++++++++++++++++++++++d

+++++++++++++++++++++++++
++++++++++++++++++++++++

++++++++++++++++++++++++

+++++++XX+++++++++++++++

++++X+X++XX+++++++++++++

++++X++++++XX+++++++++++

XXXXX++++++++X++++++++++

+++++++XXXX+++++++++++++

+++++++XXXX+++++++++++++

XXXXX++++++++X++++++++++

++++X++++++XX+++++++++++

++++X+X++XX+++++++++++++

+++++++XX+++++++++++++++

++++++++++++++++++++++++

++++++++++++++++++++++++

++++++++++++++++++++++++

++++++++++++++++++++++++

++++++++++++++++++++++++

++++++++++++++++++++++++

++++++++++++++++++++++++

++++++++++++++++++++++++

++++++++++++++++++++++++

++++++++++++++++++++++++

++++++++++++++++++++++++

++++++++++++++++++++++++d

+++++++++++++++++++++++++
++++++++++++++++++++++++

++++++++++++++++++++++++

++++++++++++++++++++++++

+++++X++++++++++++++++++

+++++XX+XXX+++++++++++++

XX+++++++XXX++++++++++++

++X++++XX+++X+++++++++++

++X++++XX+++X+++++++++++

XX+++++++XXX++++++++++++

+++++XX+XXX+++++++++++++

+++++X++++++++++++++++++

++++++++++++++++++++++++

++++++++++++++++++++++++

++++++++++++++++++++++++

++++++++++++++++++++++++

++++++++++++++++++++++++

++++++++++++++++++++++++

++++++++++++++++++++++++

++++++++++++++++++++++++

++++++++++++++++++++++++

++++++++++++++++++++++++

++++++++++++++++++++++++

++++++++++++++++++++++++

++++++++++++++++++++++++d

+++++++++++++++++++++++++
++++++++++++++++++++++++

++++++++++++++++++++++++

++++++++++++++++++++++++

++++XX+XX+X+++++++++++++

XX++XXXXXXX+++++++++++++

XXX++X+++XXXX+++++++++++

X+XX++XXX+++XX++++++++++

X+XX++XXX+++XX++++++++++

XXX++X+++XXXX+++++++++++

XX++XXXXXXX+++++++++++++

++++XX+XX+X+++++++++++++

++++++++++++++++++++++++

++++++++++++++++++++++++

++++++++++++++++++++++++

++++++++++++++++++++++++

++++++++++++++++++++++++

++++++++++++++++++++++++

++++++++++++++++++++++++

++++++++++++++++++++++++

++++++++++++++++++++++++

++++++++++++++++++++++++

++++++++++++++++++++++++

++++++++++++++++++++++++

++++++++++++++++++++++++d

+++++++++++++++++++++++++
++++++++++++++++++++++++

++++++++++++++++++++++++

++++++++++++++++++++++++

+++++XX++X++++++++++++++

+++++XX+X++X++++++++++++

+X++++X++++X++++++++++++

++X++++X++X+X+++++++++++

++X++++X++X+X+++++++++++

+X++++X++++X++++++++++++

+++++XX+X++X++++++++++++

+++++XX++X++++++++++++++

++++++++++++++++++++++++

++++++++++++++++++++++++

++++++++++++++++++++++++

++++++++++++++++++++++++

++++++++++++++++++++++++

++++++++++++++++++++++++

++++++++++++++++++++++++

++++++++++++++++++++++++

++++++++++++++++++++++++

++++++++++++++++++++++++

++++++++++++++++++++++++

++++++++++++++++++++++++

++++++++++++++++++++++++d

