+++++++++++++++++++++++++
++++++++++++++++++++++++

++++++++++++++++++++++++

++++++++++++++++++++++++

++++++++++++++++++++++++

+++++++++XXX++++++++++++

++++++++XXX+++++++++++++

++++++++++++++++++++++++

++++++++++++++++++++++++

++++++++++++++++++++++++

++++++++++++++++++++++++

++++++++++++++++++++++++

++++++++++++++++++++++++

++++++++++++++++++++++++

++++++++++++++++++++++++

++++++++++++++++++++++++

++++++++++++++++++++++++

++++++++++++++++++++++++

++++++++++++++++++++++++

++++++++++++++++++++++++

++++++++++++++++++++++++

++++++++++++++++++++++++

++++++++++++++++++++++++

++++++++++++++++++++++++

++++++++++++++++++++++++l

+++++++++++++++++++++++++
++++++++++++++++++++++++

++++++++++++++++++++++++

++++++++++++++++++++++++

+++++++++X+X++++++++++++

+++++++++XXX++++++++++++

++++++++XXX+++++++++++++

++++++++X+X+++++++++++++

++++++++++++++++++++++++

++++++++++++++++++++++++

++++++++++++++++++++++++

++++++++++++++++++++++++

++++++++++++++++++++++++

++++++++++++++++++++++++

++++++++++++++++++++++++

++++++++++++++++++++++++

++++++++++++++++++++++++

++++++++++++++++++++++++

++++++++++++++++++++++++

++++++++++++++++++++++++

++++++++++++++++++++++++

++++++++++++++++++++++++

++++++++++++++++++++++++

++++++++++++++++++++++++

++++++++++++++++++++++++l

+++++++++++++++++++++++++
++++++++++++++++++++++++

++++++++++++++++++++++++

++++++++++X+++++++++++++

++++++++XX+XX+++++++++++

+++++++++XXXX+++++++++++

+++++++XXXX+++++++++++++

+++++++XX+XX++++++++++++

+++++++++X++++++++++++++

++++++++++++++++++++++++

++++++++++++++++++++++++

++++++++++++++++++++++++

++++++++++++++++++++++++

++++++++++++++++++++++++

++++++++++++++++++++++++

++++++++++++++++++++++++

++++++++++++++++++++++++

++++++++++++++++++++++++

++++++++++++++++++++++++

++++++++++++++++++++++++

++++++++++++++++++++++++

++++++++++++++++++++++++

++++++++++++++++++++++++

++++++++++++++++++++++++

++++++++++++++++++++++++l

+++++++++++++++++++++++++
++++++++++++++++++++++++

++++++++++++++++++++++++

++++++++X+X+X+++++++++++

++++++++XX+XXX++++++++++

+++++++++XXXXX++++++++++

++++++XXXXX+++++++++++++

++++++XXX+XX++++++++++++

+++++++X+X+X++++++++++++

++++++++++++++++++++++++

++++++++++++++++++++++++

++++++++++++++++++++++++

++++++++++++++++++++++++

++++++++++++++++++++++++

++++++++++++++++++++++++

++++++++++++++++++++++++

++++++++++++++++++++++++

++++++++++++++++++++++++

++++++++++++++++++++++++

++++++++++++++++++++++++

++++++++++++++++++++++++

++++++++++++++++++++++++

++++++++++++++++++++++++

++++++++++++++++++++++++

++++++++++++++++++++++++l

+++++++++++++++++++++++++
++++++++++++++++++++++++

+++++++++X+X++++++++++++

+++++++XX+X+X+++++++++++

+++++++XXX+XXXX+++++++++

++++++X++XXXXXX+++++++++

+++++XXXXXX++X++++++++++

+++++XXXX+XXX+++++++++++

+++++++X+X+XX+++++++++++

++++++++X+X+++++++++++++

++++++++++++++++++++++++

++++++++++++++++++++++++

++++++++++++++++++++++++

++++++++++++++++++++++++

++++++++++++++++++++++++

++++++++++++++++++++++++

++++++++++++++++++++++++

++++++++++++++++++++++++

++++++++++++++++++++++++

++++++++++++++++++++++++

++++++++++++++++++++++++

++++++++++++++++++++++++

++++++++++++++++++++++++

++++++++++++++++++++++++

++++++++++++++++++++++++l

+++++++++++++++++++++++++
++++++++++X+++++++++++++

+++++++X+X+XX+++++++++++

++++++XXX+X+X+X+++++++++

+++++++XXX+XXXXX++++++++

++++++X++XXXXXXX++++++++

++++XXXXXXX++X++++++++++

++++XXXXX+XXX+++++++++++

+++++X+X+X+XXX++++++++++

+++++++XX+X+X+++++++++++

+++++++++X++++++++++++++

++++++++++++++++++++++++

++++++++++++++++++++++++

++++++++++++++++++++++++

++++++++++++++++++++++++

++++++++++++++++++++++++

++++++++++++++++++++++++

++++++++++++++++++++++++

++++++++++++++++++++++++

++++++++++++++++++++++++

++++++++++++++++++++++++

++++++++++++++++++++++++

++++++++++++++++++++++++

++++++++++++++++++++++++

++++++++++++++++++++++++l

+++++++++++++++++++++++++
++++++++++++++++++++++++

++++++++XXXX++++++++++++

+++++++X++++++++++++++++

++++++X+++++++X+++++++++

+++++X++++++++++++++++++

++++++++++++++X+++++++++

+++++X+++++++X++++++++++

++++++++++++X+++++++++++

++++++++XXXX++++++++++++

++++++++++++++++++++++++

++++++++++++++++++++++++

++++++++++++++++++++++++

++++++++++++++++++++++++

++++++++++++++++++++++++

++++++++++++++++++++++++

++++++++++++++++++++++++

++++++++++++++++++++++++

++++++++++++++++++++++++

++++++++++++++++++++++++

++++++++++++++++++++++++

++++++++++++++++++++++++

++++++++++++++++++++++++

++++++++++++++++++++++++

++++++++++++++++++++++++l

+++++++++++++++++++++++++
++++++++++++++++++++++++

++++++++++++++++++++++++

++++++++X+X+XX++++++++++

++++++++X+++++++++++++++

+++++++++++++X++++++++++

++++++X+++++++++++++++++

+++++++++++X++++++++++++

++++++XX+X+X++++++++++++

++++++++++++++++++++++++

++++++++++++++++++++++++

++++++++++++++++++++++++

++++++++++++++++++++++++

++++++++++++++++++++++++

++++++++++++++++++++++++

++++++++++++++++++++++++

++++++++++++++++++++++++

++++++++++++++++++++++++

++++++++++++++++++++++++

++++++++++++++++++++++++

++++++++++++++++++++++++

++++++++++++++++++++++++

++++++++++++++++++++++++

++++++++++++++++++++++++

++++++++++++++++++++++++l

+++++++++++++++++++++++++
++++++++++++++++++++++++

+++++++++X+XXX++++++++++

+++++++XX+XXXX++++++++++

+++++++XX++X++X+++++++++

+++++++X+++++X++++++++++

++++++X+++++X+++++++++++

+++++X++X++XX+++++++++++

++++++XXXX+XX+++++++++++

++++++XXX+X+++++++++++++

++++++++++++++++++++++++

++++++++++++++++++++++++

++++++++++++++++++++++++

++++++++++++++++++++++++

++++++++++++++++++++++++

++++++++++++++++++++++++

++++++++++++++++++++++++

++++++++++++++++++++++++

++++++++++++++++++++++++

++++++++++++++++++++++++

++++++++++++++++++++++++

++++++++++++++++++++++++

++++++++++++++++++++++++

++++++++++++++++++++++++

++++++++++++++++++++++++l

+++++++++++++++++++++++++
++++++++++++++++++++++++

++++++++++++++++++++++++

+++++++++X++++++++++++++

+++++++++X++XX++++++++++

++++++++++++++++++++++++

++++++++++++++++++++++++

++++++XX++X+++++++++++++

++++++++++X+++++++++++++

++++++++++++++++++++++++

++++++++++++++++++++++++

++++++++++++++++++++++++

++++++++++++++++++++++++

++++++++++++++++++++++++

++++++++++++++++++++++++

++++++++++++++++++++++++

++++++++++++++++++++++++

++++++++++++++++++++++++

++++++++++++++++++++++++

++++++++++++++++++++++++

++++++++++++++++++++++++

++++++++++++++++++++++++

++++++++++++++++++++++++

++++++++++++++++++++++++

++++++++++++++++++++++++l

+++++++++++++++++++++++++
++++++++++++++++++++++++

++++++++++++++++++++++++

+++++++++XXX++++++++++++

++++++++X+++X+++++++++++

+++++++X++++X+++++++++++

+++++++X++++X+++++++++++

+++++++X+++X++++++++++++

++++++++XXX+++++++++++++

++++++++++++++++++++++++

++++++++++++++++++++++++

++++++++++++++++++++++++

++++++++++++++++++++++++

++++++++++++++++++++++++

++++++++++++++++++++++++

++++++++++++++++++++++++

++++++++++++++++++++++++

++++++++++++++++++++++++

++++++++++++++++++++++++

++++++++++++++++++++++++

++++++++++++++++++++++++

++++++++++++++++++++++++

++++++++++++++++++++++++

++++++++++++++++++++++++

++++++++++++++++++++++++l

+++++++++++++++++++++++++
++++++++++++++++++++++++

+++++++++X+X++++++++++++

++++++++XXXXX+++++++++++

+++++++XX+++XX++++++++++

++++++XX++++X+++++++++++

+++++++X++++XX++++++++++

++++++XX+++XX+++++++++++

+++++++XXXXX++++++++++++

++++++++X+X+++++++++++++

++++++++++++++++++++++++

++++++++++++++++++++++++

++++++++++++++++++++++++

++++++++++++++++++++++++

++++++++++++++++++++++++

++++++++++++++++++++++++

++++++++++++++++++++++++

++++++++++++++++++++++++

++++++++++++++++++++++++

++++++++++++++++++++++++

++++++++++++++++++++++++

++++++++++++++++++++++++

++++++++++++++++++++++++

++++++++++++++++++++++++

++++++++++++++++++++++++l

+++++++++++++++++++++++++
++++++++++X+++++++++++++

+++++++++X+X++++++++++++

++++++++XXXXX+++++++++++

+++++++XX+++XX++++++++++

++++++XX++++X+X+++++++++

+++++X+X++++XX++++++++++

++++++XX+++XX+++++++++++

+++++++XXXXX++++++++++++

++++++++X+X+++++++++++++

+++++++++X++++++++++++++

++++++++++++++++++++++++

++++++++++++++++++++++++

++++++++++++++++++++++++

++++++++++++++++++++++++

++++++++++++++++++++++++

++++++++++++++++++++++++

++++++++++++++++++++++++

++++++++++++++++++++++++

++++++++++++++++++++++++

++++++++++++++++++++++++

++++++++++++++++++++++++

++++++++++++++++++++++++

++++++++++++++++++++++++

++++++++++++++++++++++++l

+++++++++++++++++++++++++
++++++++++++++++++++++++

++++++++XX+XX+++++++++++

+++++++X+++++X++++++++++

++++++X+++X++X++++++++++

++++++X++++X++++++++++++

++++++++X++++X++++++++++

++++++X++X+++X++++++++++

++++++X+++++X+++++++++++

+++++++XX+XX++++++++++++

++++++++++++++++++++++++

++++++++++++++++++++++++

++++++++++++++++++++++++

++++++++++++++++++++++++

++++++++++++++++++++++++

++++++++++++++++++++++++

++++++++++++++++++++++++

++++++++++++++++++++++++

++++++++++++++++++++++++

++++++++++++++++++++++++

++++++++++++++++++++++++

++++++++++++++++++++++++

++++++++++++++++++++++++

++++++++++++++++++++++++

++++++++++++++++++++++++l

+++++++++++++++++++++++++
++++++++++++++++++++++++

++++++++++X+++++++++++++

+++++++++XXX++++++++++++

++++++++XXX+X+++++++++++

+++++++XX++XXX++++++++++

++++++XXX++XX+++++++++++

+++++++X+XXX++++++++++++

++++++++XXX+++++++++++++

+++++++++X++++++++++++++

++++++++++++++++++++++++

++++++++++++++++++++++++

++++++++++++++++++++++++

++++++++++++++++++++++++

++++++++++++++++++++++++

++++++++++++++++++++++++

++++++++++++++++++++++++

++++++++++++++++++++++++

++++++++++++++++++++++++

++++++++++++++++++++++++

++++++++++++++++++++++++

++++++++++++++++++++++++

++++++++++++++++++++++++

++++++++++++++++++++++++

++++++++++++++++++++++++l

+++++++++++++++++++++++++
++++++++++++++++++++++++

++++++++++X+++++++++++++

+++++++++XXXX+++++++++++

++++++++XXX+X+++++++++++

+++++++XX++XXX++++++++++

++++++XXX++XX+++++++++++

+++++++X+XXX++++++++++++

+++++++XXXX+++++++++++++

+++++++++X++++++++++++++

++++++++++++++++++++++++

++++++++++++++++++++++++

++++++++++++++++++++++++

++++++++++++++++++++++++

++++++++++++++++++++++++

++++++++++++++++++++++++

++++++++++++++++++++++++

++++++++++++++++++++++++

++++++++++++++++++++++++

++++++++++++++++++++++++

++++++++++++++++++++++++

++++++++++++++++++++++++

++++++++++++++++++++++++

++++++++++++++++++++++++

++++++++++++++++++++++++l

+++++++++++++++++++++++++
++++++++++++++++++++++++

+++++++++XXX++++++++++++

++++++++X+++++++++++++++

+++++++X+++++X++++++++++

++++++X++++++X++++++++++

++++++X++++++X++++++++++

++++++X+++++X+++++++++++

+++++++++++X++++++++++++

++++++++XXX+++++++++++++

++++++++++++++++++++++++

++++++++++++++++++++++++

++++++++++++++++++++++++

++++++++++++++++++++++++

++++++++++++++++++++++++

++++++++++++++++++++++++

++++++++++++++++++++++++

++++++++++++++++++++++++

++++++++++++++++++++++++

++++++++++++++++++++++++

++++++++++++++++++++++++

++++++++++++++++++++++++

++++++++++++++++++++++++

++++++++++++++++++++++++

++++++++++++++++++++++++l

+++++++++++++++++++++++++
++++++++++++++++++++++++

++++++++++++++++++++++++

++++++++++++++++++++++++

+++++++++X+X++++++++++++

+++++++++++X++++++++++++

++++++++X+++++++++++++++

++++++++X+X+++++++++++++

++++++++++++++++++++++++

++++++++++++++++++++++++

++++++++++++++++++++++++

++++++++++++++++++++++++

++++++++++++++++++++++++

++++++++++++++++++++++++

++++++++++++++++++++++++

++++++++++++++++++++++++

++++++++++++++++++++++++

++++++++++++++++++++++++

++++++++++++++++++++++++

++++++++++++++++++++++++

++++++++++++++++++++++++

++++++++++++++++++++++++

++++++++++++++++++++++++

++++++++++++++++++++++++

++++++++++++++++++++++++l

+++++++++++++++++++++++++
++++++++++++++++++++++++

++++++++++++++++++++++++

++++++++++X+++++++++++++

+++++++++X+XX+++++++++++

++++++++XX+XX+++++++++++

+++++++XX+XX++++++++++++

+++++++XX+X+++++++++++++

+++++++++X++++++++++++++

++++++++++++++++++++++++

++++++++++++++++++++++++

++++++++++++++++++++++++

++++++++++++++++++++++++

++++++++++++++++++++++++

++++++++++++++++++++++++

++++++++++++++++++++++++

++++++++++++++++++++++++

++++++++++++++++++++++++

++++++++++++++++++++++++

++++++++++++++++++++++++

++++++++++++++++++++++++

++++++++++++++++++++++++

++++++++++++++++++++++++

++++++++++++++++++++++++

++++++++++++++++++++++++l

+++++++++++++++++++++++++
++++++++++++++++++++++++

++++++++++++++++++++++++

+++++++++XX+X+++++++++++

+++++++++X+XXX++++++++++

++++++++XX+XXX++++++++++

++++++XXX+XX++++++++++++

++++++XXX+X+++++++++++++

+++++++X+XX+++++++++++++

++++++++++++++++++++++++

++++++++++++++++++++++++

++++++++++++++++++++++++

++++++++++++++++++++++++

++++++++++++++++++++++++

++++++++++++++++++++++++

++++++++++++++++++++++++

++++++++++++++++++++++++

++++++++++++++++++++++++

++++++++++++++++++++++++

++++++++++++++++++++++++

++++++++++++++++++++++++

++++++++++++++++++++++++

++++++++++++++++++++++++

++++++++++++++++++++++++

++++++++++++++++++++++++l

+++++++++++++++++++++++++
++++++++++++++++++++++++

+++++++++XXX++++++++++++

++++++++XXX+X+++++++++++

+++++++++X+XXXX+++++++++

++++++X+XX+XXXX+++++++++

+++++XXXX+XX+X++++++++++

+++++XXXX+X+++++++++++++

+++++++X+XXX++++++++++++

++++++++XXX+++++++++++++

++++++++++++++++++++++++

++++++++++++++++++++++++

++++++++++++++++++++++++

++++++++++++++++++++++++

++++++++++++++++++++++++

++++++++++++++++++++++++

++++++++++++++++++++++++

++++++++++++++++++++++++

++++++++++++++++++++++++

++++++++++++++++++++++++

++++++++++++++++++++++++

++++++++++++++++++++++++

++++++++++++++++++++++++

++++++++++++++++++++++++

++++++++++++++++++++++++l

+++++++++++++++++++++++++
++++++++++++++++++++++++

++++++++++++++++++++++++

+++++++++XX+XX++++++++++

++++++++++++++++++++++++

+++++++++++++X++++++++++

++++++X+++++++++++++++++

++++++++++++++++++++++++

++++++XX+XX+++++++++++++

++++++++++++++++++++++++

++++++++++++++++++++++++

++++++++++++++++++++++++

++++++++++++++++++++++++

++++++++++++++++++++++++

++++++++++++++++++++++++

++++++++++++++++++++++++

++++++++++++++++++++++++

++++++++++++++++++++++++

++++++++++++++++++++++++

++++++++++++++++++++++++

++++++++++++++++++++++++

++++++++++++++++++++++++

++++++++++++++++++++++++

++++++++++++++++++++++++

++++++++++++++++++++++++l

+++++++++++++++++++++++++
++++++++++++++++++++++++

++++++++++++++++++++++++

++++++++++XX++++++++++++

++++++++XX++X+++++++++++

+++++++X++++++++++++++++

++++++++++++X+++++++++++

+++++++X++XX++++++++++++

++++++++XX++++++++++++++

++++++++++++++++++++++++

++++++++++++++++++++++++

++++++++++++++++++++++++

++++++++++++++++++++++++

++++++++++++++++++++++++

++++++++++++++++++++++++

++++++++++++++++++++++++

++++++++++++++++++++++++

++++++++++++++++++++++++

++++++++++++++++++++++++

++++++++++++++++++++++++

++++++++++++++++++++++++

++++++++++++++++++++++++

++++++++++++++++++++++++

++++++++++++++++++++++++

++++++++++++++++++++++++l

+++++++++++++++++++++++++
++++++++++++++++++++++++

++++++++++XX++++++++++++

++++++++X+XXX+++++++++++

+++++++XXX++X+++++++++++

+++++++X+X+XXX++++++++++

++++++XXX+X+X+++++++++++

+++++++X++XXX+++++++++++

+++++++XXX+X++++++++++++

++++++++XX++++++++++++++

++++++++++++++++++++++++

++++++++++++++++++++++++

++++++++++++++++++++++++

++++++++++++++++++++++++

++++++++++++++++++++++++

++++++++++++++++++++++++

++++++++++++++++++++++++

++++++++++++++++++++++++

++++++++++++++++++++++++

++++++++++++++++++++++++

++++++++++++++++++++++++

++++++++++++++++++++++++

++++++++++++++++++++++++

++++++++++++++++++++++++

++++++++++++++++++++++++l

+++++++++++++++++++++++++
++++++++++++++++++++++++

++++++++++++++++++++++++

+++++++++XXX++++++++++++

++++++++XXXX++++++++++++

++++++++X+++++++++++++++

+++++++++++X++++++++++++

++++++++XXXX++++++++++++

++++++++XXX+++++++++++++

++++++++++++++++++++++++

++++++++++++++++++++++++

++++++++++++++++++++++++

++++++++++++++++++++++++

++++++++++++++++++++++++

++++++++++++++++++++++++

++++++++++++++++++++++++

++++++++++++++++++++++++

++++++++++++++++++++++++

++++++++++++++++++++++++

++++++++++++++++++++++++

++++++++++++++++++++++++

++++++++++++++++++++++++

++++++++++++++++++++++++

++++++++++++++++++++++++

++++++++++++++++++++++++l

+++++++++++++++++++++++++
++++++++++++++++++++++++

++++++++++++++++++++++++

++++++++++++++++++++++++

++++++++++X+++++++++++++

++++++++++X+++++++++++++

+++++++++X++++++++++++++

+++++++++X++++++++++++++

++++++++++++++++++++++++

++++++++++++++++++++++++

++++++++++++++++++++++++

++++++++++++++++++++++++

++++++++++++++++++++++++

++++++++++++++++++++++++

++++++++++++++++++++++++

++++++++++++++++++++++++

++++++++++++++++++++++++

++++++++++++++++++++++++

++++++++++++++++++++++++

++++++++++++++++++++++++

++++++++++++++++++++++++

++++++++++++++++++++++++

++++++++++++++++++++++++

++++++++++++++++++++++++

++++++++++++++++++++++++l

+++++++++++++++++++++++++
++++++++++++++++++++++++

++++++++++++++++++++++++

++++++++++++++++++++++++

+++++++++XXX++++++++++++

++++++++++XX++++++++++++

++++++++XX++++++++++++++

++++++++XXX+++++++++++++

++++++++++++++++++++++++

++++++++++++++++++++++++

++++++++++++++++++++++++

++++++++++++++++++++++++

++++++++++++++++++++++++

++++++++++++++++++++++++

++++++++++++++++++++++++

++++++++++++++++++++++++

++++++++++++++++++++++++

++++++++++++++++++++++++

++++++++++++++++++++++++

++++++++++++++++++++++++

++++++++++++++++++++++++

++++++++++++++++++++++++

++++++++++++++++++++++++

++++++++++++++++++++++++

++++++++++++++++++++++++l

+++++++++++++++++++++++++
++++++++++++++++++++++++

++++++++++++++++++++++++

+++++++++X+X++++++++++++

+++++++++XXXX+++++++++++

++++++++++XXX+++++++++++

+++++++XXX++++++++++++++

+++++++XXXX+++++++++++++

++++++++X+X+++++++++++++

++++++++++++++++++++++++

++++++++++++++++++++++++

++++++++++++++++++++++++

++++++++++++++++++++++++

++++++++++++++++++++++++

++++++++++++++++++++++++

++++++++++++++++++++++++

++++++++++++++++++++++++

++++++++++++++++++++++++

++++++++++++++++++++++++

++++++++++++++++++++++++

++++++++++++++++++++++++

++++++++++++++++++++++++

++++++++++++++++++++++++

++++++++++++++++++++++++

++++++++++++++++++++++++l

+++++++++++++++++++++++++
++++++++++++++++++++++++

++++++++++++++++++++++++

++++++++++X+++++++++++++

+++++++++X+X++++++++++++

++++++++X++X++++++++++++

++++++++X++X++++++++++++

++++++++X+X+++++++++++++

+++++++++X++++++++++++++

++++++++++++++++++++++++

++++++++++++++++++++++++

++++++++++++++++++++++++

++++++++++++++++++++++++

++++++++++++++++++++++++

++++++++++++++++++++++++

++++++++++++++++++++++++

++++++++++++++++++++++++

++++++++++++++++++++++++

++++++++++++++++++++++++

++++++++++++++++++++++++

++++++++++++++++++++++++

++++++++++++++++++++++++

++++++++++++++++++++++++

++++++++++++++++++++++++

++++++++++++++++++++++++l

+++++++++++++++++++++++++
++++++++++++++++++++++++

++++++++++++++++++++++++

++++++++++++++++++++++++

++++++++++++++++++++++++

+++++++++XX+++++++++++++

+++++++++XX+++++++++++++

++++++++++++++++++++++++

++++++++++++++++++++++++

++++++++++++++++++++++++

++++++++++++++++++++++++

++++++++++++++++++++++++

++++++++++++++++++++++++

++++++++++++++++++++++++

++++++++++++++++++++++++

++++++++++++++++++++++++

++++++++++++++++++++++++

++++++++++++++++++++++++

++++++++++++++++++++++++

++++++++++++++++++++++++

++++++++++++++++++++++++

++++++++++++++++++++++++

++++++++++++++++++++++++

++++++++++++++++++++++++

++++++++++++++++++++++++l

+++++++++++++++++++++++++
++++++++++++++++++++++++

++++++++++++++++++++++++

++++++++++++++++++++++++

+++++++++XX+++++++++++++

++++++++XXXX++++++++++++

++++++++XXXX++++++++++++

+++++++++XX+++++++++++++

++++++++++++++++++++++++

++++++++++++++++++++++++

++++++++++++++++++++++++

++++++++++++++++++++++++

++++++++++++++++++++++++

++++++++++++++++++++++++

++++++++++++++++++++++++

++++++++++++++++++++++++

++++++++++++++++++++++++

++++++++++++++++++++++++

++++++++++++++++++++++++

++++++++++++++++++++++++

++++++++++++++++++++++++

++++++++++++++++++++++++

++++++++++++++++++++++++

++++++++++++++++++++++++

++++++++++++++++++++++++l

+++++++++++++++++++++++++
++++++++++++++++++++++++

++++++++++++++++++++++++

++++++++++++++++++++++++

++++++++++++++++++++++++

+++++++++XX+++++++++++++

+++++++++XX+++++++++++++

++++++++++++++++++++++++

++++++++++++++++++++++++

++++++++++++++++++++++++

++++++++++++++++++++++++

++++++++++++++++++++++++

++++++++++++++++++++++++

++++++++++++++++++++++++

++++++++++++++++++++++++

++++++++++++++++++++++++

++++++++++++++++++++++++

++++++++++++++++++++++++

++++++++++++++++++++++++

++++++++++++++++++++++++

++++++++++++++++++++++++

++++++++++++++++++++++++

++++++++++++++++++++++++

++++++++++++++++++++++++

++++++++++++++++++++++++l

+++++++++++++++++++++++++
++++++++++++++++++++++++

++++++++++++++++++++++++

++++++++++++++++++++++++

++++++++++X+++++++++++++

++++++++X++X++++++++++++

++++++++X++X++++++++++++

+++++++++X++++++++++++++

++++++++++++++++++++++++

++++++++++++++++++++++++

++++++++++++++++++++++++

++++++++++++++++++++++++

++++++++++++++++++++++++

++++++++++++++++++++++++

++++++++++++++++++++++++

++++++++++++++++++++++++

++++++++++++++++++++++++

++++++++++++++++++++++++

++++++++++++++++++++++++

++++++++++++++++++++++++

++++++++++++++++++++++++

++++++++++++++++++++++++

++++++++++++++++++++++++

++++++++++++++++++++++++

++++++++++++++++++++++++l

+++++++++++++++++++++++++
++++++++++++++++++++++++

++++++++++++++++++++++++

++++++++++++++++++++++++

+++++++++XXX++++++++++++

+++++++XX++XX+++++++++++

+++++++XX++XX+++++++++++

++++++++XXX+++++++++++++

++++++++++++++++++++++++

++++++++++++++++++++++++

++++++++++++++++++++++++

++++++++++++++++++++++++

++++++++++++++++++++++++

++++++++++++++++++++++++

++++++++++++++++++++++++

++++++++++++++++++++++++

++++++++++++++++++++++++

++++++++++++++++++++++++

++++++++++++++++++++++++

++++++++++++++++++++++++

++++++++++++++++++++++++

++++++++++++++++++++++++

++++++++++++++++++++++++

++++++++++++++++++++++++

++++++++++++++++++++++++l

+++++++++++++++++++++++++
++++++++++++++++++++++++

++++++++++++++++++++++++

+++++++++X+X++++++++++++

+++++++X+XXX++++++++++++

++++++XXX++XXX++++++++++

++++++XXX++XXX++++++++++

++++++++XXX+X+++++++++++

++++++++X+X+++++++++++++

++++++++++++++++++++++++

++++++++++++++++++++++++

++++++++++++++++++++++++

++++++++++++++++++++++++

++++++++++++++++++++++++

++++++++++++++++++++++++

++++++++++++++++++++++++

++++++++++++++++++++++++

++++++++++++++++++++++++

++++++++++++++++++++++++

++++++++++++++++++++++++

++++++++++++++++++++++++

++++++++++++++++++++++++

++++++++++++++++++++++++

++++++++++++++++++++++++

++++++++++++++++++++++++l

+++++++++++++++++++++++++
++++++++++++++++++++++++

++++++++++X+++++++++++++

+++++++++X+XX+++++++++++

+++++++X+XXX+X++++++++++

+++++XXXX++XXXX+++++++++

+++++XXXX++XXXX+++++++++

++++++X+XXX+X+++++++++++

+++++++XX+X+++++++++++++

+++++++++X++++++++++++++

++++++++++++++++++++++++

++++++++++++++++++++++++

++++++++++++++++++++++++

++++++++++++++++++++++++

++++++++++++++++++++++++

++++++++++++++++++++++++

++++++++++++++++++++++++

++++++++++++++++++++++++

++++++++++++++++++++++++

++++++++++++++++++++++++

++++++++++++++++++++++++

++++++++++++++++++++++++

++++++++++++++++++++++++

++++++++++++++++++++++++

++++++++++++++++++++++++l

+++++++++++++++++++++++++
++++++++++++++++++++++++

+++++++++XX+X+++++++++++

+++++++++X+XXX++++++++++

+++++X+X+XXX+X++++++++++

++++XXXXX++XXXXX++++++++

++++XXXXX++XXXXX++++++++

++++++X+XXX+X+X+++++++++

++++++XXX+X+++++++++++++

+++++++X+XX+++++++++++++

++++++++++++++++++++++++

++++++++++++++++++++++++

++++++++++++++++++++++++

++++++++++++++++++++++++

++++++++++++++++++++++++

++++++++++++++++++++++++

++++++++++++++++++++++++

++++++++++++++++++++++++

++++++++++++++++++++++++

++++++++++++++++++++++++

++++++++++++++++++++++++

++++++++++++++++++++++++

++++++++++++++++++++++++

++++++++++++++++++++++++

++++++++++++++++++++++++l

+++++++++++++++++++++++++
++++++++++++++++++++++++

++++++++++XX++++++++++++

++++++++XX++X+++++++++++

+++++++X+X++++X+++++++++

+++++X++++++++++++++++++

++++++++++++++X+++++++++

+++++X++++X+X+++++++++++

+++++++X++XX++++++++++++

++++++++XX++++++++++++++

++++++++++++++++++++++++

++++++++++++++++++++++++

++++++++++++++++++++++++

++++++++++++++++++++++++

++++++++++++++++++++++++

++++++++++++++++++++++++

++++++++++++++++++++++++

++++++++++++++++++++++++

++++++++++++++++++++++++

++++++++++++++++++++++++

++++++++++++++++++++++++

++++++++++++++++++++++++

++++++++++++++++++++++++

++++++++++++++++++++++++

++++++++++++++++++++++++l

+++++++++++++++++++++++++
++++++++++++++++++++++++

++++++++++++++++++++++++

++++++++XX+X++++++++++++

++++++XX+X++++++++++++++

+++++++++++++X++++++++++

++++++X+++++++++++++++++

++++++++++X+XX++++++++++

++++++++X+XX++++++++++++

++++++++++++++++++++++++

++++++++++++++++++++++++

++++++++++++++++++++++++

++++++++++++++++++++++++

++++++++++++++++++++++++

++++++++++++++++++++++++

++++++++++++++++++++++++

++++++++++++++++++++++++

++++++++++++++++++++++++

++++++++++++++++++++++++

++++++++++++++++++++++++

++++++++++++++++++++++++

++++++++++++++++++++++++

++++++++++++++++++++++++

++++++++++++++++++++++++

++++++++++++++++++++++++l

+++++++++++++++++++++++++
++++++++++++++++++++++++

++++++++XXX+++++++++++++

++++++X+XX+X++++++++++++

++++++XX+X++X+++++++++++

+++++X++X++++X++++++++++

++++++X++++X++X+++++++++

+++++++X++X+XX++++++++++

++++++++X+XX+X++++++++++

+++++++++XXX++++++++++++

++++++++++++++++++++++++

++++++++++++++++++++++++

++++++++++++++++++++++++

++++++++++++++++++++++++

++++++++++++++++++++++++

++++++++++++++++++++++++

++++++++++++++++++++++++

++++++++++++++++++++++++

++++++++++++++++++++++++

++++++++++++++++++++++++

++++++++++++++++++++++++

++++++++++++++++++++++++

++++++++++++++++++++++++

++++++++++++++++++++++++

++++++++++++++++++++++++l

+++++++++++++++++++++++++
++++++++++++++++++++++++

++++++++++++++++++++++++

+++++++XXXX+++++++++++++

+++++++X+XX+++++++++++++

++++++XX++++++++++++++++

++++++++++++XX++++++++++

+++++++++XX+X+++++++++++

+++++++++XXXX+++++++++++

++++++++++++++++++++++++

++++++++++++++++++++++++

++++++++++++++++++++++++

++++++++++++++++++++++++

++++++++++++++++++++++++

++++++++++++++++++++++++

++++++++++++++++++++++++

++++++++++++++++++++++++

++++++++++++++++++++++++

++++++++++++++++++++++++

++++++++++++++++++++++++

++++++++++++++++++++++++

++++++++++++++++++++++++

++++++++++++++++++++++++

++++++++++++++++++++++++

++++++++++++++++++++++++l

+++++++++++++++++++++++++
++++++++++++++++++++++++

++++++++++++++++++++++++

++++++++++X+++++++++++++

++++++++XXXXX+++++++++++

+++++++X++++++++++++++++

++++++++++++X+++++++++++

+++++++XXXXX++++++++++++

+++++++++X++++++++++++++

++++++++++++++++++++++++

++++++++++++++++++++++++

++++++++++++++++++++++++

++++++++++++++++++++++++

++++++++++++++++++++++++

++++++++++++++++++++++++

++++++++++++++++++++++++

++++++++++++++++++++++++

++++++++++++++++++++++++

++++++++++++++++++++++++

++++++++++++++++++++++++

++++++++++++++++++++++++

++++++++++++++++++++++++

++++++++++++++++++++++++

++++++++++++++++++++++++

++++++++++++++++++++++++l

+++++++++++++++++++++++++
++++++++++++++++++++++++

++++++++++++++++++++++++

++++++++X+X+X+++++++++++

+++++++XXXXXX+++++++++++

+++++++X+++++X++++++++++

++++++X+++++X+++++++++++

+++++++XXXXXX+++++++++++

+++++++X+X+X++++++++++++

++++++++++++++++++++++++

++++++++++++++++++++++++

++++++++++++++++++++++++

++++++++++++++++++++++++

++++++++++++++++++++++++

++++++++++++++++++++++++

++++++++++++++++++++++++

++++++++++++++++++++++++

++++++++++++++++++++++++

++++++++++++++++++++++++

++++++++++++++++++++++++

++++++++++++++++++++++++

++++++++++++++++++++++++

++++++++++++++++++++++++

++++++++++++++++++++++++

++++++++++++++++++++++++l

+++++++++++++++++++++++++
++++++++++++++++++++++++

+++++++++X+X++++++++++++

++++++++X+X+XX++++++++++

++++++XXXXXXX+++++++++++

+++++++X+++++X++++++++++

++++++X+++++X+++++++++++

+++++++XXXXXXX++++++++++

++++++XX+X+X++++++++++++

++++++++X+X+++++++++++++

++++++++++++++++++++++++

++++++++++++++++++++++++

++++++++++++++++++++++++

++++++++++++++++++++++++

++++++++++++++++++++++++

++++++++++++++++++++++++

++++++++++++++++++++++++

++++++++++++++++++++++++

++++++++++++++++++++++++

++++++++++++++++++++++++

++++++++++++++++++++++++

++++++++++++++++++++++++

++++++++++++++++++++++++

++++++++++++++++++++++++

++++++++++++++++++++++++l

+++++++++++++++++++++++++
++++++++++++++++++++++++

++++++++++++++++++++++++

+++++++XX+X+X+++++++++++

+++++++X++X+XX++++++++++

++++++XX+XX++X++++++++++

++++++X++XX+XX++++++++++

++++++XX+X++X+++++++++++

+++++++X+X+XX+++++++++++

++++++++++++++++++++++++

++++++++++++++++++++++++

++++++++++++++++++++++++

++++++++++++++++++++++++

++++++++++++++++++++++++

++++++++++++++++++++++++

++++++++++++++++++++++++

++++++++++++++++++++++++

++++++++++++++++++++++++

++++++++++++++++++++++++

++++++++++++++++++++++++

++++++++++++++++++++++++

++++++++++++++++++++++++

++++++++++++++++++++++++

++++++++++++++++++++++++

++++++++++++++++++++++++l

+++++++++++++++++++++++++
++++++++++++++++++++++++

++++++++++++++++++++++++

++++++++++X+++++++++++++

++++++++XXXX++++++++++++

++++++++XXX+X+++++++++++

+++++++X+XXX++++++++++++

++++++++XXXX++++++++++++

+++++++++X++++++++++++++

++++++++++++++++++++++++

++++++++++++++++++++++++

++++++++++++++++++++++++

++++++++++++++++++++++++

++++++++++++++++++++++++

++++++++++++++++++++++++

++++++++++++++++++++++++

++++++++++++++++++++++++

++++++++++++++++++++++++

++++++++++++++++++++++++

++++++++++++++++++++++++

++++++++++++++++++++++++

++++++++++++++++++++++++

++++++++++++++++++++++++

++++++++++++++++++++++++

++++++++++++++++++++++++l

+++++++++++++++++++++++++
++++++++++++++++++++++++

++++++++++++++++++++++++

++++++++X+X+++++++++++++

+++++++XXXXXX+++++++++++

++++++++XXX+X+++++++++++

+++++++X+XXX++++++++++++

+++++++XXXXXX+++++++++++

+++++++++X+X++++++++++++

++++++++++++++++++++++++

++++++++++++++++++++++++

++++++++++++++++++++++++

++++++++++++++++++++++++

++++++++++++++++++++++++

++++++++++++++++++++++++

++++++++++++++++++++++++

++++++++++++++++++++++++

++++++++++++++++++++++++

++++++++++++++++++++++++

++++++++++++++++++++++++

++++++++++++++++++++++++

++++++++++++++++++++++++

++++++++++++++++++++++++

++++++++++++++++++++++++

++++++++++++++++++++++++l

+++++++++++++++++++++++++
++++++++++++++++++++++++

++++++++++++++++++++++++

++++++++++XX++++++++++++

++++++++X+++++++++++++++

+++++++X++++X+++++++++++

+++++++X++++X+++++++++++

+++++++++++X++++++++++++

++++++++XX++++++++++++++

++++++++++++++++++++++++

++++++++++++++++++++++++

++++++++++++++++++++++++

++++++++++++++++++++++++

++++++++++++++++++++++++

++++++++++++++++++++++++

++++++++++++++++++++++++

++++++++++++++++++++++++

++++++++++++++++++++++++

++++++++++++++++++++++++

++++++++++++++++++++++++

++++++++++++++++++++++++

++++++++++++++++++++++++

++++++++++++++++++++++++

++++++++++++++++++++++++

++++++++++++++++++++++++l

+++++++++++++++++++++++++
++++++++++++++++++++++++

++++++++++++++++++++++++

++++++++++++++++++++++++

++++++++++++++++++++++++

+++++++++XXX++++++++++++

++++++++XXX+++++++++++++

++++++++++++++++++++++++

++++++++++++++++++++++++

++++++++++++++++++++++++

++++++++++++++++++++++++

++++++++++++++++++++++++

++++++++++++++++++++++++

++++++++++++++++++++++++

++++++++++++++++++++++++

++++++++++++++++++++++++

++++++++++++++++++++++++

++++++++++++++++++++++++

++++++++++++++++++++++++

++++++++++++++++++++++++

++++++++++++++++++++++++

++++++++++++++++++++++++

++++++++++++++++++++++++

++++++++++++++++++++++++

++++++++++++++++++++++++l

+++++++++++++++++++++++++
++++++++++++++++++++++++

++++++++++++++++++++++++

++++++++++++++++++++++++

+++++++++X+X++++++++++++

+++++++++XXX++++++++++++

++++++++XXX+++++++++++++

++++++++X+X+++++++++++++

++++++++++++++++++++++++

++++++++++++++++++++++++

++++++++++++++++++++++++

++++++++++++++++++++++++

++++++++++++++++++++++++

++++++++++++++++++++++++

++++++++++++++++++++++++

++++++++++++++++++++++++

++++++++++++++++++++++++

++++++++++++++++++++++++

++++++++++++++++++++++++

++++++++++++++++++++++++

++++++++++++++++++++++++

++++++++++++++++++++++++

++++++++++++++++++++++++

++++++++++++++++++++++++

++++++++++++++++++++++++l

+++++++++++++++++++++++++
++++++++++++++++++++++++

++++++++++++++++++++++++

++++++++++X+++++++++++++

++++++++XX+XX+++++++++++

+++++++++XXXX+++++++++++

+++++++XXXX+++++++++++++

+++++++XX+XX++++++++++++

+++++++++X++++++++++++++

++++++++++++++++++++++++

++++++++++++++++++++++++

++++++++++++++++++++++++

++++++++++++++++++++++++

++++++++++++++++++++++++

++++++++++++++++++++++++

++++++++++++++++++++++++

++++++++++++++++++++++++

++++++++++++++++++++++++

++++++++++++++++++++++++

++++++++++++++++++++++++

++++++++++++++++++++++++

++++++++++++++++++++++++

++++++++++++++++++++++++

++++++++++++++++++++++++

++++++++++++++++++++++++l

+++++++++++++++++++++++++
++++++++++++++++++++++++

++++++++++++++++++++++++

++++++++X+X+X+++++++++++

++++++++XX+XXX++++++++++

+++++++++XXXXX++++++++++

++++++XXXXX+++++++++++++

++++++XXX+XX++++++++++++

+++++++X+X+X++++++++++++

++++++++++++++++++++++++

++++++++++++++++++++++++

++++++++++++++++++++++++

++++++++++++++++++++++++

++++++++++++++++++++++++

++++++++++++++++++++++++

++++++++++++++++++++++++

++++++++++++++++++++++++

++++++++++++++++++++++++

++++++++++++++++++++++++

++++++++++++++++++++++++

++++++++++++++++++++++++

++++++++++++++++++++++++

++++++++++++++++++++++++

++++++++++++++++++++++++

++++++++++++++++++++++++l

+++++++++++++++++++++++++
++++++++++++++++++++++++

++++++++++++++++++++++++

+++++++++XXX++++++++++++

++++++++X+++X+++++++++++

+++++++X++++X+++++++++++

+++++++X++++X+++++++++++

+++++++X+++X++++++++++++

++++++++XXX+++++++++++++

++++++++++++++++++++++++

++++++++++++++++++++++++

++++++++++++++++++++++++

++++++++++++++++++++++++

++++++++++++++++++++++++

++++++++++++++++++++++++

++++++++++++++++++++++++

++++++++++++++++++++++++

++++++++++++++++++++++++

++++++++++++++++++++++++

++++++++++++++++++++++++

++++++++++++++++++++++++

++++++++++++++++++++++++

++++++++++++++++++++++++

++++++++++++++++++++++++

++++++++++++++++++++++++l

+++++++++++++++++++++++++
++++++++++++++++++++++++

++++++++++++++++++++++++

++++++++++++++++++++++++

+++++++++X+X++++++++++++

+++++++++++X++++++++++++

++++++++X+++++++++++++++

++++++++X+X+++++++++++++

++++++++++++++++++++++++

++++++++++++++++++++++++

++++++++++++++++++++++++

++++++++++++++++++++++++

++++++++++++++++++++++++

++++++++++++++++++++++++

++++++++++++++++++++++++

++++++++++++++++++++++++

++++++++++++++++++++++++

++++++++++++++++++++++++

++++++++++++++++++++++++

++++++++++++++++++++++++

++++++++++++++++++++++++

++++++++++++++++++++++++

++++++++++++++++++++++++

++++++++++++++++++++++++

++++++++++++++++++++++++l

+++++++++++++++++++++++++
++++++++++++++++++++++++

++++++++++++++++++++++++

++++++++++X+++++++++++++

+++++++++X+XX+++++++++++

++++++++XX+XX+++++++++++

+++++++XX+XX++++++++++++

+++++++XX+X+++++++++++++

+++++++++X++++++++++++++

++++++++++++++++++++++++

++++++++++++++++++++++++

++++++++++++++++++++++++

++++++++++++++++++++++++

++++++++++++++++++++++++

++++++++++++++++++++++++

++++++++++++++++++++++++

++++++++++++++++++++++++

++++++++++++++++++++++++

++++++++++++++++++++++++

++++++++++++++++++++++++

++++++++++++++++++++++++

++++++++++++++++++++++++

++++++++++++++++++++++++

++++++++++++++++++++++++

++++++++++++++++++++++++l

+++++++++++++++++++++++++
++++++++++++++++++++++++

++++++++++++++++++++++++

++++++++++++++++++++++++

++++++++++X+++++++++++++

++++++++++X+++++++++++++

+++++++++X++++++++++++++

+++++++++X++++++++++++++

++++++++++++++++++++++++

++++++++++++++++++++++++

++++++++++++++++++++++++

++++++++++++++++++++++++

++++++++++++++++++++++++

++++++++++++++++++++++++

++++++++++++++++++++++++

++++++++++++++++++++++++

++++++++++++++++++++++++

++++++++++++++++++++++++

++++++++++++++++++++++++

++++++++++++++++++++++++

++++++++++++++++++++++++

++++++++++++++++++++++++

++++++++++++++++++++++++

++++++++++++++++++++++++

++++++++++++++++++++++++l

+++++++++++++++++++++++++
++++++++++++++++++++++++

++++++++++++++++++++++++

++++++++++++++++++++++++

++++++++++X+++++++++++++

++++++++X++X++++++++++++

++++++++X++X++++++++++++

+++++++++X++++++++++++++

++++++++++++++++++++++++

++++++++++++++++++++++++

++++++++++++++++++++++++

++++++++++++++++++++++++

++++++++++++++++++++++++

++++++++++++++++++++++++

++++++++++++++++++++++++

++++++++++++++++++++++++

++++++++++++++++++++++++

++++++++++++++++++++++++

++++++++++++++++++++++++

++++++++++++++++++++++++

++++++++++++++++++++++++

++++++++++++++++++++++++

++++++++++++++++++++++++

++++++++++++++++++++++++

++++++++++++++++++++++++l

+++++++++++++++++++++++++
++++++++++++++++++++++++

++++++++++++++++++++++++

++++++++++++++++++++++++

+++++++++XXX++++++++++++

+++++++XX++XX+++++++++++

+++++++XX++XX+++++++++++

++++++++XXX+++++++++++++

++++++++++++++++++++++++

++++++++++++++++++++++++

++++++++++++++++++++++++

++++++++++++++++++++++++

++++++++++++++++++++++++

++++++++++++++++++++++++

++++++++++++++++++++++++

++++++++++++++++++++++++

++++++++++++++++++++++++

++++++++++++++++++++++++

++++++++++++++++++++++++

++++++++++++++++++++++++

++++++++++++++++++++++++

++++++++++++++++++++++++

++++++++++++++++++++++++

++++++++++++++++++++++++

++++++++++++++++++++++++l

+++++++++++++++++++++++++
++++++++++++++++++++++++

++++++++++++++++++++++++

+++++++++X+X++++++++++++

+++++++X+XXX++++++++++++

++++++XXX++XXX++++++++++

++++++XXX++XXX++++++++++

++++++++XXX+X+++++++++++

++++++++X+X+++++++++++++

++++++++++++++++++++++++

++++++++++++++++++++++++

++++++++++++++++++++++++

++++++++++++++++++++++++

++++++++++++++++++++++++

++++++++++++++++++++++++

++++++++++++++++++++++++

++++++++++++++++++++++++

++++++++++++++++++++++++

++++++++++++++++++++++++

++++++++++++++++++++++++

++++++++++++++++++++++++

++++++++++++++++++++++++

++++++++++++++++++++++++

++++++++++++++++++++++++

++++++++++++++++++++++++l

+++++++++++++++++++++++++
++++++++++++++++++++++++

++++++++++++++++++++++++

++++++++++X+++++++++++++

++++++++XXXXX+++++++++++

+++++++X++++++++++++++++

++++++++++++X+++++++++++

+++++++XXXXX++++++++++++

+++++++++X++++++++++++++

++++++++++++++++++++++++

++++++++++++++++++++++++

++++++++++++++++++++++++

++++++++++++++++++++++++

++++++++++++++++++++++++

++++++++++++++++++++++++

++++++++++++++++++++++++

++++++++++++++++++++++++

++++++++++++++++++++++++

++++++++++++++++++++++++

++++++++++++++++++++++++

++++++++++++++++++++++++

++++++++++++++++++++++++

++++++++++++++++++++++++

++++++++++++++++++++++++

++++++++++++++++++++++++l

+++++++++++++++++++++++++
++++++++++++++++++++++++

++++++++++++++++++++++++

++++++++++++++++++++++++

++++++++++++++++++++++++

+++++++++XXX++++++++++++

++++++++XXX+++++++++++++

++++++++++++++++++++++++

++++++++++++++++++++++++

++++++++++++++++++++++++

++++++++++++++++++++++++

++++++++++++++++++++++++

++++++++++++++++++++++++

++++++++++++++++++++++++

++++++++++++++++++++++++

++++++++++++++++++++++++

++++++++++++++++++++++++

++++++++++++++++++++++++

++++++++++++++++++++++++

++++++++++++++++++++++++

++++++++++++++++++++++++

++++++++++++++++++++++++

++++++++++++++++++++++++

++++++++++++++++++++++++

++++++++++++++++++++++++l

+++++++++++++++++++++++++
++++++++++++++++++++++++

++++++++++++++++++++++++

++++++++++++++++++++++++

+++++++++X+X++++++++++++

+++++++++XXX++++++++++++

++++++++XXX+++++++++++++

++++++++X+X+++++++++++++

++++++++++++++++++++++++

++++++++++++++++++++++++

++++++++++++++++++++++++

++++++++++++++++++++++++

++++++++++++++++++++++++

++++++++++++++++++++++++

++++++++++++++++++++++++

++++++++++++++++++++++++

++++++++++++++++++++++++

++++++++++++++++++++++++

++++++++++++++++++++++++

++++++++++++++++++++++++

++++++++++++++++++++++++

++++++++++++++++++++++++

++++++++++++++++++++++++

++++++++++++++++++++++++

++++++++++++++++++++++++l

+++++++++++++++++++++++++
++++++++++++++++++++++++

++++++++++++++++++++++++

++++++++++++++++++++++++

++++++++++X+++++++++++++

++++++++X++X++++++++++++

++++++++X++X++++++++++++

+++++++++X++++++++++++++

++++++++++++++++++++++++

++++++++++++++++++++++++

++++++++++++++++++++++++

++++++++++++++++++++++++

++++++++++++++++++++++++

++++++++++++++++++++++++

++++++++++++++++++++++++

++++++++++++++++++++++++

++++++++++++++++++++++++

++++++++++++++++++++++++

++++++++++++++++++++++++

++++++++++++++++++++++++

++++++++++++++++++++++++

++++++++++++++++++++++++

++++++++++++++++++++++++

++++++++++++++++++++++++

++++++++++++++++++++++++l

